{"$message_type":"diagnostic","message":"unused import: `PathBuf`","code":{"code":"unused_imports","explanation":null},"level":"warning","spans":[{"file_name":"crates/rag-store/src/sqlite.rs","byte_start":64,"byte_end":71,"line_start":3,"line_end":3,"column_start":23,"column_end":30,"is_primary":true,"text":[{"text":"use std::path::{Path, PathBuf};","highlight_start":23,"highlight_end":30}],"label":null,"suggested_replacement":null,"suggestion_applicability":null,"expansion":null}],"children":[{"message":"`#[warn(unused_imports)]` (part of `#[warn(unused)]`) on by default","code":null,"level":"note","spans":[],"children":[],"rendered":null},{"message":"remove the unused import","code":null,"level":"help","spans":[{"file_name":"crates/rag-store/src/sqlite.rs","byte_start":62,"byte_end":71,"line_start":3,"line_end":3,"column_start":21,"column_end":30,"is_primary":true,"text":[{"text":"use std::path::{Path, PathBuf};","highlight_start":21,"highlight_end":30}],"label":null,"suggested_replacement":"","suggestion_applicability":"MachineApplicable","expansion":null},{"file_name":"crates/rag-store/src/sqlite.rs","byte_start":57,"byte_end":58,"line_start":3,"line_end":3,"column_start":16,"column_end":17,"is_primary":true,"text":[{"text":"use std::path::{Path, PathBuf};","highlight_start":16,"highlight_end":17}],"label":null,"suggested_replacement":"","suggestion_applicability":"MachineApplicable","expansion":null},{"file_name":"crates/rag-store/src/sqlite.rs","byte_start":71,"byte_end":72,"line_start":3,"line_end":3,"column_start":30,"column_end":31,"is_primary":true,"text":[{"text":"use std::path::{Path, PathBuf};","highlight_start":30,"highlight_end":31}],"label":null,"suggested_replacement":"","suggestion_applicability":"MachineApplicable","expansion":null}],"children":[],"rendered":null}],"rendered":"\u001b[1m\u001b[33mwarning\u001b[0m\u001b[1m: unused import: `PathBuf`\u001b[0m\n \u001b[1m\u001b[94m--> \u001b[0mcrates/rag-store/src/sqlite.rs:3:23\n  \u001b[1m\u001b[94m|\u001b[0m\n\u001b[1m\u001b[94m3\u001b[0m \u001b[1m\u001b[94m|\u001b[0m use std::path::{Path, PathBuf};\n  \u001b[1m\u001b[94m|\u001b[0m                       \u001b[1m\u001b[33m^^^^^^^\u001b[0m\n  \u001b[1m\u001b[94m|\u001b[0m\n  \u001b[1m\u001b[94m= \u001b[0m\u001b[1mnote\u001b[0m: `#[warn(unused_imports)]` (part of `#[warn(unused)]`) on by default\n\n"}
{"$message_type":"diagnostic","message":"no method named `load_extension_enable` found for reference `&Connection` in the current scope","code":{"code":"E0599","explanation":"This error occurs when a method is used on a type which doesn't implement it:\n\nErroneous code example:\n\n```compile_fail,E0599\nstruct Mouth;\n\nlet x = Mouth;\nx.chocolate(); // error: no method named `chocolate` found for type `Mouth`\n               //        in the current scope\n```\n\nIn this case, you need to implement the `chocolate` method to fix the error:\n\n```\nstruct Mouth;\n\nimpl Mouth {\n    fn chocolate(&self) { // We implement the `chocolate` method here.\n        println!(\"Hmmm! I love chocolate!\");\n    }\n}\n\nlet x = Mouth;\nx.chocolate(); // ok!\n```\n"},"level":"error","spans":[{"file_name":"crates/rag-store/src/sqlite.rs","byte_start":4129,"byte_end":4150,"line_start":132,"line_end":132,"column_start":21,"column_end":42,"is_primary":true,"text":[{"text":"            if conn.load_extension_enable().is_err() {","highlight_start":21,"highlight_end":42}],"label":"method not found in `&Connection`","suggested_replacement":null,"suggestion_applicability":null,"expansion":null}],"children":[],"rendered":"\u001b[1m\u001b[91merror[E0599]\u001b[0m\u001b[1m: no method named `load_extension_enable` found for reference `&Connection` in the current scope\u001b[0m\n   \u001b[1m\u001b[94m--> \u001b[0mcrates/rag-store/src/sqlite.rs:132:21\n    \u001b[1m\u001b[94m|\u001b[0m\n\u001b[1m\u001b[94m132\u001b[0m \u001b[1m\u001b[94m|\u001b[0m             if conn.load_extension_enable().is_err() {\n    \u001b[1m\u001b[94m|\u001b[0m                     \u001b[1m\u001b[91m^^^^^^^^^^^^^^^^^^^^^\u001b[0m \u001b[1m\u001b[91mmethod not found in `&Connection`\u001b[0m\n\n"}
{"$message_type":"diagnostic","message":"no method named `load_extension` found for reference `&Connection` in the current scope","code":{"code":"E0599","explanation":"This error occurs when a method is used on a type which doesn't implement it:\n\nErroneous code example:\n\n```compile_fail,E0599\nstruct Mouth;\n\nlet x = Mouth;\nx.chocolate(); // error: no method named `chocolate` found for type `Mouth`\n               //        in the current scope\n```\n\nIn this case, you need to implement the `chocolate` method to fix the error:\n\n```\nstruct Mouth;\n\nimpl Mouth {\n    fn chocolate(&self) { // We implement the `chocolate` method here.\n        println!(\"Hmmm! I love chocolate!\");\n    }\n}\n\nlet x = Mouth;\nx.chocolate(); // ok!\n```\n"},"level":"error","spans":[{"file_name":"crates/rag-store/src/sqlite.rs","byte_start":4265,"byte_end":4279,"line_start":137,"line_end":137,"column_start":25,"column_end":39,"is_primary":true,"text":[{"text":"                if conn.load_extension(path, None).is_ok() {","highlight_start":25,"highlight_end":39}],"label":"method not found in `&Connection`","suggested_replacement":null,"suggestion_applicability":null,"expansion":null}],"children":[],"rendered":"\u001b[1m\u001b[91merror[E0599]\u001b[0m\u001b[1m: no method named `load_extension` found for reference `&Connection` in the current scope\u001b[0m\n   \u001b[1m\u001b[94m--> \u001b[0mcrates/rag-store/src/sqlite.rs:137:25\n    \u001b[1m\u001b[94m|\u001b[0m\n\u001b[1m\u001b[94m137\u001b[0m \u001b[1m\u001b[94m|\u001b[0m                 if conn.load_extension(path, None).is_ok() {\n    \u001b[1m\u001b[94m|\u001b[0m                         \u001b[1m\u001b[91m^^^^^^^^^^^^^^\u001b[0m \u001b[1m\u001b[91mmethod not found in `&Connection`\u001b[0m\n\n"}
{"$message_type":"diagnostic","message":"no method named `load_extension_disable` found for reference `&Connection` in the current scope","code":{"code":"E0599","explanation":"This error occurs when a method is used on a type which doesn't implement it:\n\nErroneous code example:\n\n```compile_fail,E0599\nstruct Mouth;\n\nlet x = Mouth;\nx.chocolate(); // error: no method named `chocolate` found for type `Mouth`\n               //        in the current scope\n```\n\nIn this case, you need to implement the `chocolate` method to fix the error:\n\n```\nstruct Mouth;\n\nimpl Mouth {\n    fn chocolate(&self) { // We implement the `chocolate` method here.\n        println!(\"Hmmm! I love chocolate!\");\n    }\n}\n\nlet x = Mouth;\nx.chocolate(); // ok!\n```\n"},"level":"error","spans":[{"file_name":"crates/rag-store/src/sqlite.rs","byte_start":4335,"byte_end":4357,"line_start":138,"line_end":138,"column_start":34,"column_end":56,"is_primary":true,"text":[{"text":"                    let _ = conn.load_extension_disable();","highlight_start":34,"highlight_end":56}],"label":"method not found in `&Connection`","suggested_replacement":null,"suggestion_applicability":null,"expansion":null}],"children":[],"rendered":"\u001b[1m\u001b[91merror[E0599]\u001b[0m\u001b[1m: no method named `load_extension_disable` found for reference `&Connection` in the current scope\u001b[0m\n   \u001b[1m\u001b[94m--> \u001b[0mcrates/rag-store/src/sqlite.rs:138:34\n    \u001b[1m\u001b[94m|\u001b[0m\n\u001b[1m\u001b[94m138\u001b[0m \u001b[1m\u001b[94m|\u001b[0m                     let _ = conn.load_extension_disable();\n    \u001b[1m\u001b[94m|\u001b[0m                                  \u001b[1m\u001b[91m^^^^^^^^^^^^^^^^^^^^^^\u001b[0m \u001b[1m\u001b[91mmethod not found in `&Connection`\u001b[0m\n\n"}
{"$message_type":"diagnostic","message":"no method named `load_extension_disable` found for reference `&Connection` in the current scope","code":{"code":"E0599","explanation":"This error occurs when a method is used on a type which doesn't implement it:\n\nErroneous code example:\n\n```compile_fail,E0599\nstruct Mouth;\n\nlet x = Mouth;\nx.chocolate(); // error: no method named `chocolate` found for type `Mouth`\n               //        in the current scope\n```\n\nIn this case, you need to implement the `chocolate` method to fix the error:\n\n```\nstruct Mouth;\n\nimpl Mouth {\n    fn chocolate(&self) { // We implement the `chocolate` method here.\n        println!(\"Hmmm! I love chocolate!\");\n    }\n}\n\nlet x = Mouth;\nx.chocolate(); // ok!\n```\n"},"level":"error","spans":[{"file_name":"crates/rag-store/src/sqlite.rs","byte_start":4452,"byte_end":4474,"line_start":143,"line_end":143,"column_start":26,"column_end":48,"is_primary":true,"text":[{"text":"            let _ = conn.load_extension_disable();","highlight_start":26,"highlight_end":48}],"label":"method not found in `&Connection`","suggested_replacement":null,"suggestion_applicability":null,"expansion":null}],"children":[],"rendered":"\u001b[1m\u001b[91merror[E0599]\u001b[0m\u001b[1m: no method named `load_extension_disable` found for reference `&Connection` in the current scope\u001b[0m\n   \u001b[1m\u001b[94m--> \u001b[0mcrates/rag-store/src/sqlite.rs:143:26\n    \u001b[1m\u001b[94m|\u001b[0m\n\u001b[1m\u001b[94m143\u001b[0m \u001b[1m\u001b[94m|\u001b[0m             let _ = conn.load_extension_disable();\n    \u001b[1m\u001b[94m|\u001b[0m                          \u001b[1m\u001b[91m^^^^^^^^^^^^^^^^^^^^^^\u001b[0m \u001b[1m\u001b[91mmethod not found in `&Connection`\u001b[0m\n\n"}
{"$message_type":"diagnostic","message":"no method named `optional` found for enum `Result<T, E>` in the current scope","code":{"code":"E0599","explanation":"This error occurs when a method is used on a type which doesn't implement it:\n\nErroneous code example:\n\n```compile_fail,E0599\nstruct Mouth;\n\nlet x = Mouth;\nx.chocolate(); // error: no method named `chocolate` found for type `Mouth`\n               //        in the current scope\n```\n\nIn this case, you need to implement the `chocolate` method to fix the error:\n\n```\nstruct Mouth;\n\nimpl Mouth {\n    fn chocolate(&self) { // We implement the `chocolate` method here.\n        println!(\"Hmmm! I love chocolate!\");\n    }\n}\n\nlet x = Mouth;\nx.chocolate(); // ok!\n```\n"},"level":"error","spans":[{"file_name":"crates/rag-store/src/sqlite.rs","byte_start":6825,"byte_end":7335,"line_start":219,"line_end":230,"column_start":26,"column_end":18,"is_primary":false,"text":[{"text":"            let result = stmt","highlight_start":26,"highlight_end":30},{"text":"                .query_row(params![name], |row| {","highlight_start":1,"highlight_end":50},{"text":"                    let hlc_bytes: Vec<u8> = row.get(3)?;","highlight_start":1,"highlight_end":58},{"text":"                    Ok(Collection {","highlight_start":1,"highlight_end":36},{"text":"                        name: row.get(0)?,","highlight_start":1,"highlight_end":43},{"text":"                        description: row.get(1)?,","highlight_start":1,"highlight_end":50},{"text":"                        created_at: row.get::<_, i64>(2)? as u64,","highlight_start":1,"highlight_end":66},{"text":"                        hlc: HybridLogicalClock::from_bytes(&hlc_bytes)","highlight_start":1,"highlight_end":72},{"text":"                            .unwrap_or_else(HybridLogicalClock::zero),","highlight_start":1,"highlight_end":71},{"text":"                    })","highlight_start":1,"highlight_end":23},{"text":"                })","highlight_start":1,"highlight_end":19},{"text":"                .optional()","highlight_start":1,"highlight_end":18}],"label":"","suggested_replacement":null,"suggestion_applicability":null,"expansion":null},{"file_name":"crates/rag-store/src/sqlite.rs","byte_start":7335,"byte_end":7343,"line_start":230,"line_end":230,"column_start":18,"column_end":26,"is_primary":true,"text":[{"text":"                .optional()","highlight_start":18,"highlight_end":26}],"label":"method not found in `Result<Collection, rusqlite::Error>`","suggested_replacement":null,"suggestion_applicability":null,"expansion":null},{"file_name":"/Users/daniellefong/.cargo/registry/src/index.crates.io-1949cf8c6b5b557f/rusqlite-0.31.0/src/lib.rs","byte_start":7861,"byte_end":7869,"line_start":279,"line_end":279,"column_start":8,"column_end":16,"is_primary":false,"text":[{"text":"    fn optional(self) -> Result<Option<T>>;","highlight_start":8,"highlight_end":16}],"label":"the method is available for `Result<Collection, rusqlite::Error>` here","suggested_replacement":null,"suggestion_applicability":null,"expansion":null}],"children":[{"message":"items from traits can only be used if the trait is in scope","code":null,"level":"help","spans":[],"children":[],"rendered":null},{"message":"trait `OptionalExtension` which provides `optional` is implemented but not in scope; perhaps you want to import it","code":null,"level":"help","spans":[{"file_name":"crates/rag-store/src/sqlite.rs","byte_start":42,"byte_end":42,"line_start":3,"line_end":3,"column_start":1,"column_end":1,"is_primary":true,"text":[{"text":"use std::path::{Path, PathBuf};","highlight_start":1,"highlight_end":1}],"label":null,"suggested_replacement":"use rusqlite::OptionalExtension;\n","suggestion_applicability":"MaybeIncorrect","expansion":null}],"children":[],"rendered":null}],"rendered":"\u001b[1m\u001b[91merror[E0599]\u001b[0m\u001b[1m: no method named `optional` found for enum `Result<T, E>` in the current scope\u001b[0m\n   \u001b[1m\u001b[94m--> \u001b[0mcrates/rag-store/src/sqlite.rs:230:18\n    \u001b[1m\u001b[94m|\u001b[0m\n\u001b[1m\u001b[94m219\u001b[0m \u001b[1m\u001b[94m|\u001b[0m               let result = stmt\n    \u001b[1m\u001b[94m|\u001b[0m \u001b[1m\u001b[94m __________________________-\u001b[0m\n\u001b[1m\u001b[94m220\u001b[0m \u001b[1m\u001b[94m|\u001b[0m \u001b[1m\u001b[94m|\u001b[0m                 .query_row(params![name], |row| {\n\u001b[1m\u001b[94m221\u001b[0m \u001b[1m\u001b[94m|\u001b[0m \u001b[1m\u001b[94m|\u001b[0m                     let hlc_bytes: Vec<u8> = row.get(3)?;\n\u001b[1m\u001b[94m222\u001b[0m \u001b[1m\u001b[94m|\u001b[0m \u001b[1m\u001b[94m|\u001b[0m                     Ok(Collection {\n\u001b[1m\u001b[94m...\u001b[0m   \u001b[1m\u001b[94m|\u001b[0m\n\u001b[1m\u001b[94m229\u001b[0m \u001b[1m\u001b[94m|\u001b[0m \u001b[1m\u001b[94m|\u001b[0m                 })\n\u001b[1m\u001b[94m230\u001b[0m \u001b[1m\u001b[94m|\u001b[0m \u001b[1m\u001b[94m|\u001b[0m                 .optional()\n    \u001b[1m\u001b[94m|\u001b[0m \u001b[1m\u001b[94m|\u001b[0m                 \u001b[1m\u001b[94m-\u001b[0m\u001b[1m\u001b[91m^^^^^^^^\u001b[0m \u001b[1m\u001b[91mmethod not found in `Result<Collection, rusqlite::Error>`\u001b[0m\n    \u001b[1m\u001b[94m|\u001b[0m \u001b[1m\u001b[94m|_________________|\u001b[0m\n    \u001b[1m\u001b[94m|\u001b[0m\n    \u001b[1m\u001b[94m|\u001b[0m\n   \u001b[1m\u001b[94m::: \u001b[0m/Users/daniellefong/.cargo/registry/src/index.crates.io-1949cf8c6b5b557f/rusqlite-0.31.0/src/lib.rs:279:8\n    \u001b[1m\u001b[94m|\u001b[0m\n\u001b[1m\u001b[94m279\u001b[0m \u001b[1m\u001b[94m|\u001b[0m       fn optional(self) -> Result<Option<T>>;\n    \u001b[1m\u001b[94m|\u001b[0m          \u001b[1m\u001b[94m--------\u001b[0m \u001b[1m\u001b[94mthe method is available for `Result<Collection, rusqlite::Error>` here\u001b[0m\n    \u001b[1m\u001b[94m|\u001b[0m\n    \u001b[1m\u001b[94m= \u001b[0m\u001b[1mhelp\u001b[0m: items from traits can only be used if the trait is in scope\n\u001b[1m\u001b[96mhelp\u001b[0m: trait `OptionalExtension` which provides `optional` is implemented but not in scope; perhaps you want to import it\n    \u001b[1m\u001b[94m|\u001b[0m\n  \u001b[1m\u001b[94m3\u001b[0m \u001b[92m+ use rusqlite::OptionalExtension;\u001b[0m\n    \u001b[1m\u001b[94m|\u001b[0m\n\n"}
{"$message_type":"diagnostic","message":"type annotations needed","code":{"code":"E0282","explanation":"The compiler could not infer a type and asked for a type annotation.\n\nErroneous code example:\n\n```compile_fail,E0282\nlet x = Vec::new();\n```\n\nThis error indicates that type inference did not result in one unique possible\ntype, and extra information is required. In most cases this can be provided\nby adding a type annotation. Sometimes you need to specify a generic type\nparameter manually.\n\nIn the example above, type `Vec` has a type parameter `T`. When calling\n`Vec::new`, barring any other later usage of the variable `x` that allows the\ncompiler to infer what type `T` is, the compiler needs to be told what it is.\n\nThe type can be specified on the variable:\n\n```\nlet x: Vec<i32> = Vec::new();\n```\n\nThe type can also be specified in the path of the expression:\n\n```\nlet x = Vec::<i32>::new();\n```\n\nIn cases with more complex types, it is not necessary to annotate the full\ntype. Once the ambiguity is resolved, the compiler can infer the rest:\n\n```\nlet x: Vec<_> = \"hello\".chars().rev().collect();\n```\n\nAnother way to provide the compiler with enough information, is to specify the\ngeneric type parameter:\n\n```\nlet x = \"hello\".chars().rev().collect::<Vec<char>>();\n```\n\nAgain, you need not specify the full type if the compiler can infer it:\n\n```\nlet x = \"hello\".chars().rev().collect::<Vec<_>>();\n```\n\nApart from a method or function with a generic type parameter, this error can\noccur when a type parameter of a struct or trait cannot be inferred. In that\ncase it is not always possible to use a type annotation, because all candidates\nhave the same return type. For instance:\n\n```compile_fail,E0282\nstruct Foo<T> {\n    num: T,\n}\n\nimpl<T> Foo<T> {\n    fn bar() -> i32 {\n        0\n    }\n\n    fn baz() {\n        let number = Foo::bar();\n    }\n}\n```\n\nThis will fail because the compiler does not know which instance of `Foo` to\ncall `bar` on. Change `Foo::bar()` to `Foo::<T>::bar()` to resolve the error.\n"},"level":"error","spans":[{"file_name":"crates/rag-store/src/sqlite.rs","byte_start":7394,"byte_end":7395,"line_start":231,"line_end":231,"column_start":49,"column_end":50,"is_primary":false,"text":[{"text":"                .map_err(|e| RagError::database(e.to_string()))?;","highlight_start":49,"highlight_end":50}],"label":"type must be known at this point","suggested_replacement":null,"suggestion_applicability":null,"expansion":null},{"file_name":"crates/rag-store/src/sqlite.rs","byte_start":7372,"byte_end":7373,"line_start":231,"line_end":231,"column_start":27,"column_end":28,"is_primary":true,"text":[{"text":"                .map_err(|e| RagError::database(e.to_string()))?;","highlight_start":27,"highlight_end":28}],"label":null,"suggested_replacement":null,"suggestion_applicability":null,"expansion":null}],"children":[{"message":"consider giving this closure parameter an explicit type","code":null,"level":"help","spans":[{"file_name":"crates/rag-store/src/sqlite.rs","byte_start":7373,"byte_end":7373,"line_start":231,"line_end":231,"column_start":28,"column_end":28,"is_primary":true,"text":[{"text":"                .map_err(|e| RagError::database(e.to_string()))?;","highlight_start":28,"highlight_end":28}],"label":null,"suggested_replacement":": /* Type */","suggestion_applicability":"HasPlaceholders","expansion":null}],"children":[],"rendered":null}],"rendered":"\u001b[1m\u001b[91merror[E0282]\u001b[0m\u001b[1m: type annotations needed\u001b[0m\n   \u001b[1m\u001b[94m--> \u001b[0mcrates/rag-store/src/sqlite.rs:231:27\n    \u001b[1m\u001b[94m|\u001b[0m\n\u001b[1m\u001b[94m231\u001b[0m \u001b[1m\u001b[94m|\u001b[0m                 .map_err(|e| RagError::database(e.to_string()))?;\n    \u001b[1m\u001b[94m|\u001b[0m                           \u001b[1m\u001b[91m^\u001b[0m                     \u001b[1m\u001b[94m-\u001b[0m \u001b[1m\u001b[94mtype must be known at this point\u001b[0m\n    \u001b[1m\u001b[94m|\u001b[0m\n\u001b[1m\u001b[96mhelp\u001b[0m: consider giving this closure parameter an explicit type\n    \u001b[1m\u001b[94m|\u001b[0m\n\u001b[1m\u001b[94m231\u001b[0m \u001b[1m\u001b[94m| \u001b[0m                .map_err(|e\u001b[92m: /* Type */\u001b[0m| RagError::database(e.to_string()))?;\n    \u001b[1m\u001b[94m|\u001b[0m                            \u001b[92m++++++++++++\u001b[0m\n\n"}
{"$message_type":"diagnostic","message":"failed to resolve: use of unresolved module or unlinked crate `serde_json`","code":{"code":"E0433","explanation":"An undeclared crate, module, or type was used.\n\nErroneous code example:\n\n```compile_fail,E0433\nlet map = HashMap::new();\n// error: failed to resolve: use of undeclared type `HashMap`\n```\n\nPlease verify you didn't misspell the type/module's name or that you didn't\nforget to import it:\n\n```\nuse std::collections::HashMap; // HashMap has been imported.\nlet map: HashMap<u32, u32> = HashMap::new(); // So it can be used!\n```\n\nIf you've expected to use a crate name:\n\n```compile_fail\nuse ferris_wheel::BigO;\n// error: failed to resolve: use of undeclared module or unlinked crate\n```\n\nMake sure the crate has been added as a dependency in `Cargo.toml`.\n\nTo use a module from your current crate, add the `crate::` prefix to the path.\n"},"level":"error","spans":[{"file_name":"crates/rag-store/src/sqlite.rs","byte_start":9243,"byte_end":9253,"line_start":284,"line_end":284,"column_start":24,"column_end":34,"is_primary":true,"text":[{"text":"        let metadata = serde_json::to_string(&doc.metadata)?;","highlight_start":24,"highlight_end":34}],"label":"use of unresolved module or unlinked crate `serde_json`","suggested_replacement":null,"suggestion_applicability":null,"expansion":null}],"children":[{"message":"if you wanted to use a crate named `serde_json`, use `cargo add serde_json` to add it to your `Cargo.toml`","code":null,"level":"help","spans":[],"children":[],"rendered":null}],"rendered":"\u001b[1m\u001b[91merror[E0433]\u001b[0m\u001b[1m: failed to resolve: use of unresolved module or unlinked crate `serde_json`\u001b[0m\n   \u001b[1m\u001b[94m--> \u001b[0mcrates/rag-store/src/sqlite.rs:284:24\n    \u001b[1m\u001b[94m|\u001b[0m\n\u001b[1m\u001b[94m284\u001b[0m \u001b[1m\u001b[94m|\u001b[0m         let metadata = serde_json::to_string(&doc.metadata)?;\n    \u001b[1m\u001b[94m|\u001b[0m                        \u001b[1m\u001b[91m^^^^^^^^^^\u001b[0m \u001b[1m\u001b[91muse of unresolved module or unlinked crate `serde_json`\u001b[0m\n    \u001b[1m\u001b[94m|\u001b[0m\n    \u001b[1m\u001b[94m= \u001b[0m\u001b[1mhelp\u001b[0m: if you wanted to use a crate named `serde_json`, use `cargo add serde_json` to add it to your `Cargo.toml`\n\n"}
{"$message_type":"diagnostic","message":"no method named `optional` found for enum `Result<T, E>` in the current scope","code":{"code":"E0599","explanation":"This error occurs when a method is used on a type which doesn't implement it:\n\nErroneous code example:\n\n```compile_fail,E0599\nstruct Mouth;\n\nlet x = Mouth;\nx.chocolate(); // error: no method named `chocolate` found for type `Mouth`\n               //        in the current scope\n```\n\nIn this case, you need to implement the `chocolate` method to fix the error:\n\n```\nstruct Mouth;\n\nimpl Mouth {\n    fn chocolate(&self) { // We implement the `chocolate` method here.\n        println!(\"Hmmm! I love chocolate!\");\n    }\n}\n\nlet x = Mouth;\nx.chocolate(); // ok!\n```\n"},"level":"error","spans":[{"file_name":"crates/rag-store/src/sqlite.rs","byte_start":10804,"byte_end":10952,"line_start":325,"line_end":329,"column_start":26,"column_end":18,"is_primary":false,"text":[{"text":"            let result = stmt","highlight_start":26,"highlight_end":30},{"text":"                .query_row(params![id.to_string()], |row| {","highlight_start":1,"highlight_end":60},{"text":"                    Self::row_to_document(row)","highlight_start":1,"highlight_end":47},{"text":"                })","highlight_start":1,"highlight_end":19},{"text":"                .optional()","highlight_start":1,"highlight_end":18}],"label":"","suggested_replacement":null,"suggestion_applicability":null,"expansion":null},{"file_name":"crates/rag-store/src/sqlite.rs","byte_start":10952,"byte_end":10960,"line_start":329,"line_end":329,"column_start":18,"column_end":26,"is_primary":true,"text":[{"text":"                .optional()","highlight_start":18,"highlight_end":26}],"label":"method not found in `Result<Document, rusqlite::Error>`","suggested_replacement":null,"suggestion_applicability":null,"expansion":null},{"file_name":"/Users/daniellefong/.cargo/registry/src/index.crates.io-1949cf8c6b5b557f/rusqlite-0.31.0/src/lib.rs","byte_start":7861,"byte_end":7869,"line_start":279,"line_end":279,"column_start":8,"column_end":16,"is_primary":false,"text":[{"text":"    fn optional(self) -> Result<Option<T>>;","highlight_start":8,"highlight_end":16}],"label":"the method is available for `Result<Document, rusqlite::Error>` here","suggested_replacement":null,"suggestion_applicability":null,"expansion":null}],"children":[{"message":"items from traits can only be used if the trait is in scope","code":null,"level":"help","spans":[],"children":[],"rendered":null},{"message":"trait `OptionalExtension` which provides `optional` is implemented but not in scope; perhaps you want to import it","code":null,"level":"help","spans":[{"file_name":"crates/rag-store/src/sqlite.rs","byte_start":42,"byte_end":42,"line_start":3,"line_end":3,"column_start":1,"column_end":1,"is_primary":true,"text":[{"text":"use std::path::{Path, PathBuf};","highlight_start":1,"highlight_end":1}],"label":null,"suggested_replacement":"use rusqlite::OptionalExtension;\n","suggestion_applicability":"MaybeIncorrect","expansion":null}],"children":[],"rendered":null}],"rendered":"\u001b[1m\u001b[91merror[E0599]\u001b[0m\u001b[1m: no method named `optional` found for enum `Result<T, E>` in the current scope\u001b[0m\n   \u001b[1m\u001b[94m--> \u001b[0mcrates/rag-store/src/sqlite.rs:329:18\n    \u001b[1m\u001b[94m|\u001b[0m\n\u001b[1m\u001b[94m325\u001b[0m \u001b[1m\u001b[94m|\u001b[0m               let result = stmt\n    \u001b[1m\u001b[94m|\u001b[0m \u001b[1m\u001b[94m __________________________-\u001b[0m\n\u001b[1m\u001b[94m326\u001b[0m \u001b[1m\u001b[94m|\u001b[0m \u001b[1m\u001b[94m|\u001b[0m                 .query_row(params![id.to_string()], |row| {\n\u001b[1m\u001b[94m327\u001b[0m \u001b[1m\u001b[94m|\u001b[0m \u001b[1m\u001b[94m|\u001b[0m                     Self::row_to_document(row)\n\u001b[1m\u001b[94m328\u001b[0m \u001b[1m\u001b[94m|\u001b[0m \u001b[1m\u001b[94m|\u001b[0m                 })\n\u001b[1m\u001b[94m329\u001b[0m \u001b[1m\u001b[94m|\u001b[0m \u001b[1m\u001b[94m|\u001b[0m                 .optional()\n    \u001b[1m\u001b[94m|\u001b[0m \u001b[1m\u001b[94m|\u001b[0m                 \u001b[1m\u001b[94m-\u001b[0m\u001b[1m\u001b[91m^^^^^^^^\u001b[0m \u001b[1m\u001b[91mmethod not found in `Result<Document, rusqlite::Error>`\u001b[0m\n    \u001b[1m\u001b[94m|\u001b[0m \u001b[1m\u001b[94m|_________________|\u001b[0m\n    \u001b[1m\u001b[94m|\u001b[0m\n    \u001b[1m\u001b[94m|\u001b[0m\n   \u001b[1m\u001b[94m::: \u001b[0m/Users/daniellefong/.cargo/registry/src/index.crates.io-1949cf8c6b5b557f/rusqlite-0.31.0/src/lib.rs:279:8\n    \u001b[1m\u001b[94m|\u001b[0m\n\u001b[1m\u001b[94m279\u001b[0m \u001b[1m\u001b[94m|\u001b[0m       fn optional(self) -> Result<Option<T>>;\n    \u001b[1m\u001b[94m|\u001b[0m          \u001b[1m\u001b[94m--------\u001b[0m \u001b[1m\u001b[94mthe method is available for `Result<Document, rusqlite::Error>` here\u001b[0m\n    \u001b[1m\u001b[94m|\u001b[0m\n    \u001b[1m\u001b[94m= \u001b[0m\u001b[1mhelp\u001b[0m: items from traits can only be used if the trait is in scope\n\u001b[1m\u001b[96mhelp\u001b[0m: trait `OptionalExtension` which provides `optional` is implemented but not in scope; perhaps you want to import it\n    \u001b[1m\u001b[94m|\u001b[0m\n  \u001b[1m\u001b[94m3\u001b[0m \u001b[92m+ use rusqlite::OptionalExtension;\u001b[0m\n    \u001b[1m\u001b[94m|\u001b[0m\n\n"}
{"$message_type":"diagnostic","message":"type annotations needed","code":{"code":"E0282","explanation":"The compiler could not infer a type and asked for a type annotation.\n\nErroneous code example:\n\n```compile_fail,E0282\nlet x = Vec::new();\n```\n\nThis error indicates that type inference did not result in one unique possible\ntype, and extra information is required. In most cases this can be provided\nby adding a type annotation. Sometimes you need to specify a generic type\nparameter manually.\n\nIn the example above, type `Vec` has a type parameter `T`. When calling\n`Vec::new`, barring any other later usage of the variable `x` that allows the\ncompiler to infer what type `T` is, the compiler needs to be told what it is.\n\nThe type can be specified on the variable:\n\n```\nlet x: Vec<i32> = Vec::new();\n```\n\nThe type can also be specified in the path of the expression:\n\n```\nlet x = Vec::<i32>::new();\n```\n\nIn cases with more complex types, it is not necessary to annotate the full\ntype. Once the ambiguity is resolved, the compiler can infer the rest:\n\n```\nlet x: Vec<_> = \"hello\".chars().rev().collect();\n```\n\nAnother way to provide the compiler with enough information, is to specify the\ngeneric type parameter:\n\n```\nlet x = \"hello\".chars().rev().collect::<Vec<char>>();\n```\n\nAgain, you need not specify the full type if the compiler can infer it:\n\n```\nlet x = \"hello\".chars().rev().collect::<Vec<_>>();\n```\n\nApart from a method or function with a generic type parameter, this error can\noccur when a type parameter of a struct or trait cannot be inferred. In that\ncase it is not always possible to use a type annotation, because all candidates\nhave the same return type. For instance:\n\n```compile_fail,E0282\nstruct Foo<T> {\n    num: T,\n}\n\nimpl<T> Foo<T> {\n    fn bar() -> i32 {\n        0\n    }\n\n    fn baz() {\n        let number = Foo::bar();\n    }\n}\n```\n\nThis will fail because the compiler does not know which instance of `Foo` to\ncall `bar` on. Change `Foo::bar()` to `Foo::<T>::bar()` to resolve the error.\n"},"level":"error","spans":[{"file_name":"crates/rag-store/src/sqlite.rs","byte_start":11011,"byte_end":11012,"line_start":330,"line_end":330,"column_start":49,"column_end":50,"is_primary":false,"text":[{"text":"                .map_err(|e| RagError::database(e.to_string()))?;","highlight_start":49,"highlight_end":50}],"label":"type must be known at this point","suggested_replacement":null,"suggestion_applicability":null,"expansion":null},{"file_name":"crates/rag-store/src/sqlite.rs","byte_start":10989,"byte_end":10990,"line_start":330,"line_end":330,"column_start":27,"column_end":28,"is_primary":true,"text":[{"text":"                .map_err(|e| RagError::database(e.to_string()))?;","highlight_start":27,"highlight_end":28}],"label":null,"suggested_replacement":null,"suggestion_applicability":null,"expansion":null}],"children":[{"message":"consider giving this closure parameter an explicit type","code":null,"level":"help","spans":[{"file_name":"crates/rag-store/src/sqlite.rs","byte_start":10990,"byte_end":10990,"line_start":330,"line_end":330,"column_start":28,"column_end":28,"is_primary":true,"text":[{"text":"                .map_err(|e| RagError::database(e.to_string()))?;","highlight_start":28,"highlight_end":28}],"label":null,"suggested_replacement":": /* Type */","suggestion_applicability":"HasPlaceholders","expansion":null}],"children":[],"rendered":null}],"rendered":"\u001b[1m\u001b[91merror[E0282]\u001b[0m\u001b[1m: type annotations needed\u001b[0m\n   \u001b[1m\u001b[94m--> \u001b[0mcrates/rag-store/src/sqlite.rs:330:27\n    \u001b[1m\u001b[94m|\u001b[0m\n\u001b[1m\u001b[94m330\u001b[0m \u001b[1m\u001b[94m|\u001b[0m                 .map_err(|e| RagError::database(e.to_string()))?;\n    \u001b[1m\u001b[94m|\u001b[0m                           \u001b[1m\u001b[91m^\u001b[0m                     \u001b[1m\u001b[94m-\u001b[0m \u001b[1m\u001b[94mtype must be known at this point\u001b[0m\n    \u001b[1m\u001b[94m|\u001b[0m\n\u001b[1m\u001b[96mhelp\u001b[0m: consider giving this closure parameter an explicit type\n    \u001b[1m\u001b[94m|\u001b[0m\n\u001b[1m\u001b[94m330\u001b[0m \u001b[1m\u001b[94m| \u001b[0m                .map_err(|e\u001b[92m: /* Type */\u001b[0m| RagError::database(e.to_string()))?;\n    \u001b[1m\u001b[94m|\u001b[0m                            \u001b[92m++++++++++++\u001b[0m\n\n"}
{"$message_type":"diagnostic","message":"no method named `optional` found for enum `Result<T, E>` in the current scope","code":{"code":"E0599","explanation":"This error occurs when a method is used on a type which doesn't implement it:\n\nErroneous code example:\n\n```compile_fail,E0599\nstruct Mouth;\n\nlet x = Mouth;\nx.chocolate(); // error: no method named `chocolate` found for type `Mouth`\n               //        in the current scope\n```\n\nIn this case, you need to implement the `chocolate` method to fix the error:\n\n```\nstruct Mouth;\n\nimpl Mouth {\n    fn chocolate(&self) { // We implement the `chocolate` method here.\n        println!(\"Hmmm! I love chocolate!\");\n    }\n}\n\nlet x = Mouth;\nx.chocolate(); // ok!\n```\n"},"level":"error","spans":[{"file_name":"crates/rag-store/src/sqlite.rs","byte_start":11653,"byte_end":11750,"line_start":349,"line_end":351,"column_start":26,"column_end":18,"is_primary":false,"text":[{"text":"            let result = stmt","highlight_start":26,"highlight_end":30},{"text":"                .query_row(params![uri], |row| Self::row_to_document(row))","highlight_start":1,"highlight_end":75},{"text":"                .optional()","highlight_start":1,"highlight_end":18}],"label":"","suggested_replacement":null,"suggestion_applicability":null,"expansion":null},{"file_name":"crates/rag-store/src/sqlite.rs","byte_start":11750,"byte_end":11758,"line_start":351,"line_end":351,"column_start":18,"column_end":26,"is_primary":true,"text":[{"text":"                .optional()","highlight_start":18,"highlight_end":26}],"label":"method not found in `Result<Document, rusqlite::Error>`","suggested_replacement":null,"suggestion_applicability":null,"expansion":null},{"file_name":"/Users/daniellefong/.cargo/registry/src/index.crates.io-1949cf8c6b5b557f/rusqlite-0.31.0/src/lib.rs","byte_start":7861,"byte_end":7869,"line_start":279,"line_end":279,"column_start":8,"column_end":16,"is_primary":false,"text":[{"text":"    fn optional(self) -> Result<Option<T>>;","highlight_start":8,"highlight_end":16}],"label":"the method is available for `Result<Document, rusqlite::Error>` here","suggested_replacement":null,"suggestion_applicability":null,"expansion":null}],"children":[{"message":"items from traits can only be used if the trait is in scope","code":null,"level":"help","spans":[],"children":[],"rendered":null},{"message":"trait `OptionalExtension` which provides `optional` is implemented but not in scope; perhaps you want to import it","code":null,"level":"help","spans":[{"file_name":"crates/rag-store/src/sqlite.rs","byte_start":42,"byte_end":42,"line_start":3,"line_end":3,"column_start":1,"column_end":1,"is_primary":true,"text":[{"text":"use std::path::{Path, PathBuf};","highlight_start":1,"highlight_end":1}],"label":null,"suggested_replacement":"use rusqlite::OptionalExtension;\n","suggestion_applicability":"MaybeIncorrect","expansion":null}],"children":[],"rendered":null}],"rendered":"\u001b[1m\u001b[91merror[E0599]\u001b[0m\u001b[1m: no method named `optional` found for enum `Result<T, E>` in the current scope\u001b[0m\n   \u001b[1m\u001b[94m--> \u001b[0mcrates/rag-store/src/sqlite.rs:351:18\n    \u001b[1m\u001b[94m|\u001b[0m\n\u001b[1m\u001b[94m349\u001b[0m \u001b[1m\u001b[94m|\u001b[0m               let result = stmt\n    \u001b[1m\u001b[94m|\u001b[0m \u001b[1m\u001b[94m __________________________-\u001b[0m\n\u001b[1m\u001b[94m350\u001b[0m \u001b[1m\u001b[94m|\u001b[0m \u001b[1m\u001b[94m|\u001b[0m                 .query_row(params![uri], |row| Self::row_to_document(row))\n\u001b[1m\u001b[94m351\u001b[0m \u001b[1m\u001b[94m|\u001b[0m \u001b[1m\u001b[94m|\u001b[0m                 .optional()\n    \u001b[1m\u001b[94m|\u001b[0m \u001b[1m\u001b[94m|\u001b[0m                 \u001b[1m\u001b[94m-\u001b[0m\u001b[1m\u001b[91m^^^^^^^^\u001b[0m \u001b[1m\u001b[91mmethod not found in `Result<Document, rusqlite::Error>`\u001b[0m\n    \u001b[1m\u001b[94m|\u001b[0m \u001b[1m\u001b[94m|_________________|\u001b[0m\n    \u001b[1m\u001b[94m|\u001b[0m\n    \u001b[1m\u001b[94m|\u001b[0m\n   \u001b[1m\u001b[94m::: \u001b[0m/Users/daniellefong/.cargo/registry/src/index.crates.io-1949cf8c6b5b557f/rusqlite-0.31.0/src/lib.rs:279:8\n    \u001b[1m\u001b[94m|\u001b[0m\n\u001b[1m\u001b[94m279\u001b[0m \u001b[1m\u001b[94m|\u001b[0m       fn optional(self) -> Result<Option<T>>;\n    \u001b[1m\u001b[94m|\u001b[0m          \u001b[1m\u001b[94m--------\u001b[0m \u001b[1m\u001b[94mthe method is available for `Result<Document, rusqlite::Error>` here\u001b[0m\n    \u001b[1m\u001b[94m|\u001b[0m\n    \u001b[1m\u001b[94m= \u001b[0m\u001b[1mhelp\u001b[0m: items from traits can only be used if the trait is in scope\n\u001b[1m\u001b[96mhelp\u001b[0m: trait `OptionalExtension` which provides `optional` is implemented but not in scope; perhaps you want to import it\n    \u001b[1m\u001b[94m|\u001b[0m\n  \u001b[1m\u001b[94m3\u001b[0m \u001b[92m+ use rusqlite::OptionalExtension;\u001b[0m\n    \u001b[1m\u001b[94m|\u001b[0m\n\n"}
{"$message_type":"diagnostic","message":"type annotations needed","code":{"code":"E0282","explanation":"The compiler could not infer a type and asked for a type annotation.\n\nErroneous code example:\n\n```compile_fail,E0282\nlet x = Vec::new();\n```\n\nThis error indicates that type inference did not result in one unique possible\ntype, and extra information is required. In most cases this can be provided\nby adding a type annotation. Sometimes you need to specify a generic type\nparameter manually.\n\nIn the example above, type `Vec` has a type parameter `T`. When calling\n`Vec::new`, barring any other later usage of the variable `x` that allows the\ncompiler to infer what type `T` is, the compiler needs to be told what it is.\n\nThe type can be specified on the variable:\n\n```\nlet x: Vec<i32> = Vec::new();\n```\n\nThe type can also be specified in the path of the expression:\n\n```\nlet x = Vec::<i32>::new();\n```\n\nIn cases with more complex types, it is not necessary to annotate the full\ntype. Once the ambiguity is resolved, the compiler can infer the rest:\n\n```\nlet x: Vec<_> = \"hello\".chars().rev().collect();\n```\n\nAnother way to provide the compiler with enough information, is to specify the\ngeneric type parameter:\n\n```\nlet x = \"hello\".chars().rev().collect::<Vec<char>>();\n```\n\nAgain, you need not specify the full type if the compiler can infer it:\n\n```\nlet x = \"hello\".chars().rev().collect::<Vec<_>>();\n```\n\nApart from a method or function with a generic type parameter, this error can\noccur when a type parameter of a struct or trait cannot be inferred. In that\ncase it is not always possible to use a type annotation, because all candidates\nhave the same return type. For instance:\n\n```compile_fail,E0282\nstruct Foo<T> {\n    num: T,\n}\n\nimpl<T> Foo<T> {\n    fn bar() -> i32 {\n        0\n    }\n\n    fn baz() {\n        let number = Foo::bar();\n    }\n}\n```\n\nThis will fail because the compiler does not know which instance of `Foo` to\ncall `bar` on. Change `Foo::bar()` to `Foo::<T>::bar()` to resolve the error.\n"},"level":"error","spans":[{"file_name":"crates/rag-store/src/sqlite.rs","byte_start":11809,"byte_end":11810,"line_start":352,"line_end":352,"column_start":49,"column_end":50,"is_primary":false,"text":[{"text":"                .map_err(|e| RagError::database(e.to_string()))?;","highlight_start":49,"highlight_end":50}],"label":"type must be known at this point","suggested_replacement":null,"suggestion_applicability":null,"expansion":null},{"file_name":"crates/rag-store/src/sqlite.rs","byte_start":11787,"byte_end":11788,"line_start":352,"line_end":352,"column_start":27,"column_end":28,"is_primary":true,"text":[{"text":"                .map_err(|e| RagError::database(e.to_string()))?;","highlight_start":27,"highlight_end":28}],"label":null,"suggested_replacement":null,"suggestion_applicability":null,"expansion":null}],"children":[{"message":"consider giving this closure parameter an explicit type","code":null,"level":"help","spans":[{"file_name":"crates/rag-store/src/sqlite.rs","byte_start":11788,"byte_end":11788,"line_start":352,"line_end":352,"column_start":28,"column_end":28,"is_primary":true,"text":[{"text":"                .map_err(|e| RagError::database(e.to_string()))?;","highlight_start":28,"highlight_end":28}],"label":null,"suggested_replacement":": /* Type */","suggestion_applicability":"HasPlaceholders","expansion":null}],"children":[],"rendered":null}],"rendered":"\u001b[1m\u001b[91merror[E0282]\u001b[0m\u001b[1m: type annotations needed\u001b[0m\n   \u001b[1m\u001b[94m--> \u001b[0mcrates/rag-store/src/sqlite.rs:352:27\n    \u001b[1m\u001b[94m|\u001b[0m\n\u001b[1m\u001b[94m352\u001b[0m \u001b[1m\u001b[94m|\u001b[0m                 .map_err(|e| RagError::database(e.to_string()))?;\n    \u001b[1m\u001b[94m|\u001b[0m                           \u001b[1m\u001b[91m^\u001b[0m                     \u001b[1m\u001b[94m-\u001b[0m \u001b[1m\u001b[94mtype must be known at this point\u001b[0m\n    \u001b[1m\u001b[94m|\u001b[0m\n\u001b[1m\u001b[96mhelp\u001b[0m: consider giving this closure parameter an explicit type\n    \u001b[1m\u001b[94m|\u001b[0m\n\u001b[1m\u001b[94m352\u001b[0m \u001b[1m\u001b[94m| \u001b[0m                .map_err(|e\u001b[92m: /* Type */\u001b[0m| RagError::database(e.to_string()))?;\n    \u001b[1m\u001b[94m|\u001b[0m                            \u001b[92m++++++++++++\u001b[0m\n\n"}
{"$message_type":"diagnostic","message":"no method named `optional` found for enum `Result<T, E>` in the current scope","code":{"code":"E0599","explanation":"This error occurs when a method is used on a type which doesn't implement it:\n\nErroneous code example:\n\n```compile_fail,E0599\nstruct Mouth;\n\nlet x = Mouth;\nx.chocolate(); // error: no method named `chocolate` found for type `Mouth`\n               //        in the current scope\n```\n\nIn this case, you need to implement the `chocolate` method to fix the error:\n\n```\nstruct Mouth;\n\nimpl Mouth {\n    fn chocolate(&self) { // We implement the `chocolate` method here.\n        println!(\"Hmmm! I love chocolate!\");\n    }\n}\n\nlet x = Mouth;\nx.chocolate(); // ok!\n```\n"},"level":"error","spans":[{"file_name":"crates/rag-store/src/sqlite.rs","byte_start":17003,"byte_end":17108,"line_start":493,"line_end":495,"column_start":26,"column_end":18,"is_primary":false,"text":[{"text":"            let result = stmt","highlight_start":26,"highlight_end":30},{"text":"                .query_row(params![id.to_string()], |row| Self::row_to_chunk(row))","highlight_start":1,"highlight_end":83},{"text":"                .optional()","highlight_start":1,"highlight_end":18}],"label":"","suggested_replacement":null,"suggestion_applicability":null,"expansion":null},{"file_name":"crates/rag-store/src/sqlite.rs","byte_start":17108,"byte_end":17116,"line_start":495,"line_end":495,"column_start":18,"column_end":26,"is_primary":true,"text":[{"text":"                .optional()","highlight_start":18,"highlight_end":26}],"label":"method not found in `Result<Chunk, rusqlite::Error>`","suggested_replacement":null,"suggestion_applicability":null,"expansion":null},{"file_name":"/Users/daniellefong/.cargo/registry/src/index.crates.io-1949cf8c6b5b557f/rusqlite-0.31.0/src/lib.rs","byte_start":7861,"byte_end":7869,"line_start":279,"line_end":279,"column_start":8,"column_end":16,"is_primary":false,"text":[{"text":"    fn optional(self) -> Result<Option<T>>;","highlight_start":8,"highlight_end":16}],"label":"the method is available for `Result<Chunk, rusqlite::Error>` here","suggested_replacement":null,"suggestion_applicability":null,"expansion":null}],"children":[{"message":"items from traits can only be used if the trait is in scope","code":null,"level":"help","spans":[],"children":[],"rendered":null},{"message":"trait `OptionalExtension` which provides `optional` is implemented but not in scope; perhaps you want to import it","code":null,"level":"help","spans":[{"file_name":"crates/rag-store/src/sqlite.rs","byte_start":42,"byte_end":42,"line_start":3,"line_end":3,"column_start":1,"column_end":1,"is_primary":true,"text":[{"text":"use std::path::{Path, PathBuf};","highlight_start":1,"highlight_end":1}],"label":null,"suggested_replacement":"use rusqlite::OptionalExtension;\n","suggestion_applicability":"MaybeIncorrect","expansion":null}],"children":[],"rendered":null}],"rendered":"\u001b[1m\u001b[91merror[E0599]\u001b[0m\u001b[1m: no method named `optional` found for enum `Result<T, E>` in the current scope\u001b[0m\n   \u001b[1m\u001b[94m--> \u001b[0mcrates/rag-store/src/sqlite.rs:495:18\n    \u001b[1m\u001b[94m|\u001b[0m\n\u001b[1m\u001b[94m493\u001b[0m \u001b[1m\u001b[94m|\u001b[0m               let result = stmt\n    \u001b[1m\u001b[94m|\u001b[0m \u001b[1m\u001b[94m __________________________-\u001b[0m\n\u001b[1m\u001b[94m494\u001b[0m \u001b[1m\u001b[94m|\u001b[0m \u001b[1m\u001b[94m|\u001b[0m                 .query_row(params![id.to_string()], |row| Self::row_to_chunk(row))\n\u001b[1m\u001b[94m495\u001b[0m \u001b[1m\u001b[94m|\u001b[0m \u001b[1m\u001b[94m|\u001b[0m                 .optional()\n    \u001b[1m\u001b[94m|\u001b[0m \u001b[1m\u001b[94m|\u001b[0m                 \u001b[1m\u001b[94m-\u001b[0m\u001b[1m\u001b[91m^^^^^^^^\u001b[0m \u001b[1m\u001b[91mmethod not found in `Result<Chunk, rusqlite::Error>`\u001b[0m\n    \u001b[1m\u001b[94m|\u001b[0m \u001b[1m\u001b[94m|_________________|\u001b[0m\n    \u001b[1m\u001b[94m|\u001b[0m\n    \u001b[1m\u001b[94m|\u001b[0m\n   \u001b[1m\u001b[94m::: \u001b[0m/Users/daniellefong/.cargo/registry/src/index.crates.io-1949cf8c6b5b557f/rusqlite-0.31.0/src/lib.rs:279:8\n    \u001b[1m\u001b[94m|\u001b[0m\n\u001b[1m\u001b[94m279\u001b[0m \u001b[1m\u001b[94m|\u001b[0m       fn optional(self) -> Result<Option<T>>;\n    \u001b[1m\u001b[94m|\u001b[0m          \u001b[1m\u001b[94m--------\u001b[0m \u001b[1m\u001b[94mthe method is available for `Result<Chunk, rusqlite::Error>` here\u001b[0m\n    \u001b[1m\u001b[94m|\u001b[0m\n    \u001b[1m\u001b[94m= \u001b[0m\u001b[1mhelp\u001b[0m: items from traits can only be used if the trait is in scope\n\u001b[1m\u001b[96mhelp\u001b[0m: trait `OptionalExtension` which provides `optional` is implemented but not in scope; perhaps you want to import it\n    \u001b[1m\u001b[94m|\u001b[0m\n  \u001b[1m\u001b[94m3\u001b[0m \u001b[92m+ use rusqlite::OptionalExtension;\u001b[0m\n    \u001b[1m\u001b[94m|\u001b[0m\n\n"}
{"$message_type":"diagnostic","message":"type annotations needed","code":{"code":"E0282","explanation":"The compiler could not infer a type and asked for a type annotation.\n\nErroneous code example:\n\n```compile_fail,E0282\nlet x = Vec::new();\n```\n\nThis error indicates that type inference did not result in one unique possible\ntype, and extra information is required. In most cases this can be provided\nby adding a type annotation. Sometimes you need to specify a generic type\nparameter manually.\n\nIn the example above, type `Vec` has a type parameter `T`. When calling\n`Vec::new`, barring any other later usage of the variable `x` that allows the\ncompiler to infer what type `T` is, the compiler needs to be told what it is.\n\nThe type can be specified on the variable:\n\n```\nlet x: Vec<i32> = Vec::new();\n```\n\nThe type can also be specified in the path of the expression:\n\n```\nlet x = Vec::<i32>::new();\n```\n\nIn cases with more complex types, it is not necessary to annotate the full\ntype. Once the ambiguity is resolved, the compiler can infer the rest:\n\n```\nlet x: Vec<_> = \"hello\".chars().rev().collect();\n```\n\nAnother way to provide the compiler with enough information, is to specify the\ngeneric type parameter:\n\n```\nlet x = \"hello\".chars().rev().collect::<Vec<char>>();\n```\n\nAgain, you need not specify the full type if the compiler can infer it:\n\n```\nlet x = \"hello\".chars().rev().collect::<Vec<_>>();\n```\n\nApart from a method or function with a generic type parameter, this error can\noccur when a type parameter of a struct or trait cannot be inferred. In that\ncase it is not always possible to use a type annotation, because all candidates\nhave the same return type. For instance:\n\n```compile_fail,E0282\nstruct Foo<T> {\n    num: T,\n}\n\nimpl<T> Foo<T> {\n    fn bar() -> i32 {\n        0\n    }\n\n    fn baz() {\n        let number = Foo::bar();\n    }\n}\n```\n\nThis will fail because the compiler does not know which instance of `Foo` to\ncall `bar` on. Change `Foo::bar()` to `Foo::<T>::bar()` to resolve the error.\n"},"level":"error","spans":[{"file_name":"crates/rag-store/src/sqlite.rs","byte_start":17167,"byte_end":17168,"line_start":496,"line_end":496,"column_start":49,"column_end":50,"is_primary":false,"text":[{"text":"                .map_err(|e| RagError::database(e.to_string()))?;","highlight_start":49,"highlight_end":50}],"label":"type must be known at this point","suggested_replacement":null,"suggestion_applicability":null,"expansion":null},{"file_name":"crates/rag-store/src/sqlite.rs","byte_start":17145,"byte_end":17146,"line_start":496,"line_end":496,"column_start":27,"column_end":28,"is_primary":true,"text":[{"text":"                .map_err(|e| RagError::database(e.to_string()))?;","highlight_start":27,"highlight_end":28}],"label":null,"suggested_replacement":null,"suggestion_applicability":null,"expansion":null}],"children":[{"message":"consider giving this closure parameter an explicit type","code":null,"level":"help","spans":[{"file_name":"crates/rag-store/src/sqlite.rs","byte_start":17146,"byte_end":17146,"line_start":496,"line_end":496,"column_start":28,"column_end":28,"is_primary":true,"text":[{"text":"                .map_err(|e| RagError::database(e.to_string()))?;","highlight_start":28,"highlight_end":28}],"label":null,"suggested_replacement":": /* Type */","suggestion_applicability":"HasPlaceholders","expansion":null}],"children":[],"rendered":null}],"rendered":"\u001b[1m\u001b[91merror[E0282]\u001b[0m\u001b[1m: type annotations needed\u001b[0m\n   \u001b[1m\u001b[94m--> \u001b[0mcrates/rag-store/src/sqlite.rs:496:27\n    \u001b[1m\u001b[94m|\u001b[0m\n\u001b[1m\u001b[94m496\u001b[0m \u001b[1m\u001b[94m|\u001b[0m                 .map_err(|e| RagError::database(e.to_string()))?;\n    \u001b[1m\u001b[94m|\u001b[0m                           \u001b[1m\u001b[91m^\u001b[0m                     \u001b[1m\u001b[94m-\u001b[0m \u001b[1m\u001b[94mtype must be known at this point\u001b[0m\n    \u001b[1m\u001b[94m|\u001b[0m\n\u001b[1m\u001b[96mhelp\u001b[0m: consider giving this closure parameter an explicit type\n    \u001b[1m\u001b[94m|\u001b[0m\n\u001b[1m\u001b[94m496\u001b[0m \u001b[1m\u001b[94m| \u001b[0m                .map_err(|e\u001b[92m: /* Type */\u001b[0m| RagError::database(e.to_string()))?;\n    \u001b[1m\u001b[94m|\u001b[0m                            \u001b[92m++++++++++++\u001b[0m\n\n"}
{"$message_type":"diagnostic","message":"no method named `optional` found for enum `Result<T, E>` in the current scope","code":{"code":"E0599","explanation":"This error occurs when a method is used on a type which doesn't implement it:\n\nErroneous code example:\n\n```compile_fail,E0599\nstruct Mouth;\n\nlet x = Mouth;\nx.chocolate(); // error: no method named `chocolate` found for type `Mouth`\n               //        in the current scope\n```\n\nIn this case, you need to implement the `chocolate` method to fix the error:\n\n```\nstruct Mouth;\n\nimpl Mouth {\n    fn chocolate(&self) { // We implement the `chocolate` method here.\n        println!(\"Hmmm! I love chocolate!\");\n    }\n}\n\nlet x = Mouth;\nx.chocolate(); // ok!\n```\n"},"level":"error","spans":[{"file_name":"crates/rag-store/src/sqlite.rs","byte_start":27959,"byte_end":28419,"line_start":787,"line_end":801,"column_start":43,"column_end":18,"is_primary":false,"text":[{"text":"            let result: Option<Vec<u8>> = conn","highlight_start":43,"highlight_end":47},{"text":"                .query_row(","highlight_start":1,"highlight_end":28},{"text":"                    r#\"","highlight_start":1,"highlight_end":24},{"text":"                    SELECT MAX(hlc) FROM (","highlight_start":1,"highlight_end":43},{"text":"                        SELECT hlc FROM collections","highlight_start":1,"highlight_end":52},{"text":"                        UNION ALL","highlight_start":1,"highlight_end":34},{"text":"                        SELECT hlc FROM documents","highlight_start":1,"highlight_end":50},{"text":"                        UNION ALL","highlight_start":1,"highlight_end":34},{"text":"                        SELECT hlc FROM chunks","highlight_start":1,"highlight_end":47},{"text":"                    )","highlight_start":1,"highlight_end":22},{"text":"                    \"#,","highlight_start":1,"highlight_end":24},{"text":"                    [],","highlight_start":1,"highlight_end":24},{"text":"                    |row| row.get(0),","highlight_start":1,"highlight_end":38},{"text":"                )","highlight_start":1,"highlight_end":18},{"text":"                .optional()","highlight_start":1,"highlight_end":18}],"label":"","suggested_replacement":null,"suggestion_applicability":null,"expansion":null},{"file_name":"crates/rag-store/src/sqlite.rs","byte_start":28419,"byte_end":28427,"line_start":801,"line_end":801,"column_start":18,"column_end":26,"is_primary":true,"text":[{"text":"                .optional()","highlight_start":18,"highlight_end":26}],"label":"method not found in `Result<_, rusqlite::Error>`","suggested_replacement":null,"suggestion_applicability":null,"expansion":null},{"file_name":"/Users/daniellefong/.cargo/registry/src/index.crates.io-1949cf8c6b5b557f/rusqlite-0.31.0/src/lib.rs","byte_start":7861,"byte_end":7869,"line_start":279,"line_end":279,"column_start":8,"column_end":16,"is_primary":false,"text":[{"text":"    fn optional(self) -> Result<Option<T>>;","highlight_start":8,"highlight_end":16}],"label":"the method is available for `Result<_, rusqlite::Error>` here","suggested_replacement":null,"suggestion_applicability":null,"expansion":null}],"children":[{"message":"items from traits can only be used if the trait is in scope","code":null,"level":"help","spans":[],"children":[],"rendered":null},{"message":"trait `OptionalExtension` which provides `optional` is implemented but not in scope; perhaps you want to import it","code":null,"level":"help","spans":[{"file_name":"crates/rag-store/src/sqlite.rs","byte_start":42,"byte_end":42,"line_start":3,"line_end":3,"column_start":1,"column_end":1,"is_primary":true,"text":[{"text":"use std::path::{Path, PathBuf};","highlight_start":1,"highlight_end":1}],"label":null,"suggested_replacement":"use rusqlite::OptionalExtension;\n","suggestion_applicability":"MaybeIncorrect","expansion":null}],"children":[],"rendered":null}],"rendered":"\u001b[1m\u001b[91merror[E0599]\u001b[0m\u001b[1m: no method named `optional` found for enum `Result<T, E>` in the current scope\u001b[0m\n   \u001b[1m\u001b[94m--> \u001b[0mcrates/rag-store/src/sqlite.rs:801:18\n    \u001b[1m\u001b[94m|\u001b[0m\n\u001b[1m\u001b[94m787\u001b[0m \u001b[1m\u001b[94m|\u001b[0m               let result: Option<Vec<u8>> = conn\n    \u001b[1m\u001b[94m|\u001b[0m \u001b[1m\u001b[94m ___________________________________________-\u001b[0m\n\u001b[1m\u001b[94m788\u001b[0m \u001b[1m\u001b[94m|\u001b[0m \u001b[1m\u001b[94m|\u001b[0m                 .query_row(\n\u001b[1m\u001b[94m789\u001b[0m \u001b[1m\u001b[94m|\u001b[0m \u001b[1m\u001b[94m|\u001b[0m                     r#\"\n\u001b[1m\u001b[94m790\u001b[0m \u001b[1m\u001b[94m|\u001b[0m \u001b[1m\u001b[94m|\u001b[0m                     SELECT MAX(hlc) FROM (\n\u001b[1m\u001b[94m...\u001b[0m   \u001b[1m\u001b[94m|\u001b[0m\n\u001b[1m\u001b[94m801\u001b[0m \u001b[1m\u001b[94m|\u001b[0m \u001b[1m\u001b[94m|\u001b[0m                 .optional()\n    \u001b[1m\u001b[94m|\u001b[0m \u001b[1m\u001b[94m|\u001b[0m                 \u001b[1m\u001b[94m-\u001b[0m\u001b[1m\u001b[91m^^^^^^^^\u001b[0m \u001b[1m\u001b[91mmethod not found in `Result<_, rusqlite::Error>`\u001b[0m\n    \u001b[1m\u001b[94m|\u001b[0m \u001b[1m\u001b[94m|_________________|\u001b[0m\n    \u001b[1m\u001b[94m|\u001b[0m\n    \u001b[1m\u001b[94m|\u001b[0m\n   \u001b[1m\u001b[94m::: \u001b[0m/Users/daniellefong/.cargo/registry/src/index.crates.io-1949cf8c6b5b557f/rusqlite-0.31.0/src/lib.rs:279:8\n    \u001b[1m\u001b[94m|\u001b[0m\n\u001b[1m\u001b[94m279\u001b[0m \u001b[1m\u001b[94m|\u001b[0m       fn optional(self) -> Result<Option<T>>;\n    \u001b[1m\u001b[94m|\u001b[0m          \u001b[1m\u001b[94m--------\u001b[0m \u001b[1m\u001b[94mthe method is available for `Result<_, rusqlite::Error>` here\u001b[0m\n    \u001b[1m\u001b[94m|\u001b[0m\n    \u001b[1m\u001b[94m= \u001b[0m\u001b[1mhelp\u001b[0m: items from traits can only be used if the trait is in scope\n\u001b[1m\u001b[96mhelp\u001b[0m: trait `OptionalExtension` which provides `optional` is implemented but not in scope; perhaps you want to import it\n    \u001b[1m\u001b[94m|\u001b[0m\n  \u001b[1m\u001b[94m3\u001b[0m \u001b[92m+ use rusqlite::OptionalExtension;\u001b[0m\n    \u001b[1m\u001b[94m|\u001b[0m\n\n"}
{"$message_type":"diagnostic","message":"type annotations needed","code":{"code":"E0282","explanation":"The compiler could not infer a type and asked for a type annotation.\n\nErroneous code example:\n\n```compile_fail,E0282\nlet x = Vec::new();\n```\n\nThis error indicates that type inference did not result in one unique possible\ntype, and extra information is required. In most cases this can be provided\nby adding a type annotation. Sometimes you need to specify a generic type\nparameter manually.\n\nIn the example above, type `Vec` has a type parameter `T`. When calling\n`Vec::new`, barring any other later usage of the variable `x` that allows the\ncompiler to infer what type `T` is, the compiler needs to be told what it is.\n\nThe type can be specified on the variable:\n\n```\nlet x: Vec<i32> = Vec::new();\n```\n\nThe type can also be specified in the path of the expression:\n\n```\nlet x = Vec::<i32>::new();\n```\n\nIn cases with more complex types, it is not necessary to annotate the full\ntype. Once the ambiguity is resolved, the compiler can infer the rest:\n\n```\nlet x: Vec<_> = \"hello\".chars().rev().collect();\n```\n\nAnother way to provide the compiler with enough information, is to specify the\ngeneric type parameter:\n\n```\nlet x = \"hello\".chars().rev().collect::<Vec<char>>();\n```\n\nAgain, you need not specify the full type if the compiler can infer it:\n\n```\nlet x = \"hello\".chars().rev().collect::<Vec<_>>();\n```\n\nApart from a method or function with a generic type parameter, this error can\noccur when a type parameter of a struct or trait cannot be inferred. In that\ncase it is not always possible to use a type annotation, because all candidates\nhave the same return type. For instance:\n\n```compile_fail,E0282\nstruct Foo<T> {\n    num: T,\n}\n\nimpl<T> Foo<T> {\n    fn bar() -> i32 {\n        0\n    }\n\n    fn baz() {\n        let number = Foo::bar();\n    }\n}\n```\n\nThis will fail because the compiler does not know which instance of `Foo` to\ncall `bar` on. Change `Foo::bar()` to `Foo::<T>::bar()` to resolve the error.\n"},"level":"error","spans":[{"file_name":"crates/rag-store/src/sqlite.rs","byte_start":28478,"byte_end":28479,"line_start":802,"line_end":802,"column_start":49,"column_end":50,"is_primary":false,"text":[{"text":"                .map_err(|e| RagError::database(e.to_string()))?","highlight_start":49,"highlight_end":50}],"label":"type must be known at this point","suggested_replacement":null,"suggestion_applicability":null,"expansion":null},{"file_name":"crates/rag-store/src/sqlite.rs","byte_start":28456,"byte_end":28457,"line_start":802,"line_end":802,"column_start":27,"column_end":28,"is_primary":true,"text":[{"text":"                .map_err(|e| RagError::database(e.to_string()))?","highlight_start":27,"highlight_end":28}],"label":null,"suggested_replacement":null,"suggestion_applicability":null,"expansion":null}],"children":[{"message":"consider giving this closure parameter an explicit type","code":null,"level":"help","spans":[{"file_name":"crates/rag-store/src/sqlite.rs","byte_start":28457,"byte_end":28457,"line_start":802,"line_end":802,"column_start":28,"column_end":28,"is_primary":true,"text":[{"text":"                .map_err(|e| RagError::database(e.to_string()))?","highlight_start":28,"highlight_end":28}],"label":null,"suggested_replacement":": /* Type */","suggestion_applicability":"HasPlaceholders","expansion":null}],"children":[],"rendered":null}],"rendered":"\u001b[1m\u001b[91merror[E0282]\u001b[0m\u001b[1m: type annotations needed\u001b[0m\n   \u001b[1m\u001b[94m--> \u001b[0mcrates/rag-store/src/sqlite.rs:802:27\n    \u001b[1m\u001b[94m|\u001b[0m\n\u001b[1m\u001b[94m802\u001b[0m \u001b[1m\u001b[94m|\u001b[0m                 .map_err(|e| RagError::database(e.to_string()))?\n    \u001b[1m\u001b[94m|\u001b[0m                           \u001b[1m\u001b[91m^\u001b[0m                     \u001b[1m\u001b[94m-\u001b[0m \u001b[1m\u001b[94mtype must be known at this point\u001b[0m\n    \u001b[1m\u001b[94m|\u001b[0m\n\u001b[1m\u001b[96mhelp\u001b[0m: consider giving this closure parameter an explicit type\n    \u001b[1m\u001b[94m|\u001b[0m\n\u001b[1m\u001b[94m802\u001b[0m \u001b[1m\u001b[94m| \u001b[0m                .map_err(|e\u001b[92m: /* Type */\u001b[0m| RagError::database(e.to_string()))?\n    \u001b[1m\u001b[94m|\u001b[0m                            \u001b[92m++++++++++++\u001b[0m\n\n"}
{"$message_type":"diagnostic","message":"the size for values of type `[u8]` cannot be known at compilation time","code":{"code":"E0277","explanation":"You tried to use a type which doesn't implement some trait in a place which\nexpected that trait.\n\nErroneous code example:\n\n```compile_fail,E0277\n// here we declare the Foo trait with a bar method\ntrait Foo {\n    fn bar(&self);\n}\n\n// we now declare a function which takes an object implementing the Foo trait\nfn some_func<T: Foo>(foo: T) {\n    foo.bar();\n}\n\nfn main() {\n    // we now call the method with the i32 type, which doesn't implement\n    // the Foo trait\n    some_func(5i32); // error: the trait bound `i32 : Foo` is not satisfied\n}\n```\n\nIn order to fix this error, verify that the type you're using does implement\nthe trait. Example:\n\n```\ntrait Foo {\n    fn bar(&self);\n}\n\n// we implement the trait on the i32 type\nimpl Foo for i32 {\n    fn bar(&self) {}\n}\n\nfn some_func<T: Foo>(foo: T) {\n    foo.bar(); // we can now use this method since i32 implements the\n               // Foo trait\n}\n\nfn main() {\n    some_func(5i32); // ok!\n}\n```\n\nOr in a generic context, an erroneous code example would look like:\n\n```compile_fail,E0277\nfn some_func<T>(foo: T) {\n    println!(\"{:?}\", foo); // error: the trait `core::fmt::Debug` is not\n                           //        implemented for the type `T`\n}\n\nfn main() {\n    // We now call the method with the i32 type,\n    // which *does* implement the Debug trait.\n    some_func(5i32);\n}\n```\n\nNote that the error here is in the definition of the generic function. Although\nwe only call it with a parameter that does implement `Debug`, the compiler\nstill rejects the function. It must work with all possible input types. In\norder to make this example compile, we need to restrict the generic type we're\naccepting:\n\n```\nuse std::fmt;\n\n// Restrict the input type to types that implement Debug.\nfn some_func<T: fmt::Debug>(foo: T) {\n    println!(\"{:?}\", foo);\n}\n\nfn main() {\n    // Calling the method is still fine, as i32 implements Debug.\n    some_func(5i32);\n\n    // This would fail to compile now:\n    // struct WithoutDebug;\n    // some_func(WithoutDebug);\n}\n```\n\nRust only looks at the signature of the called function, as such it must\nalready specify all requirements that will be used for every type parameter.\n"},"level":"error","spans":[{"file_name":"crates/rag-store/src/sqlite.rs","byte_start":28572,"byte_end":28577,"line_start":806,"line_end":806,"column_start":22,"column_end":27,"is_primary":true,"text":[{"text":"                Some(bytes) => Ok(HybridLogicalClock::from_bytes(&bytes)","highlight_start":22,"highlight_end":27}],"label":"doesn't have a size known at compile-time","suggested_replacement":null,"suggestion_applicability":null,"expansion":null}],"children":[{"message":"the trait `Sized` is not implemented for `[u8]`","code":null,"level":"help","spans":[],"children":[],"rendered":null},{"message":"all local variables must have a statically known size","code":null,"level":"note","spans":[],"children":[],"rendered":null}],"rendered":"\u001b[1m\u001b[91merror[E0277]\u001b[0m\u001b[1m: the size for values of type `[u8]` cannot be known at compilation time\u001b[0m\n   \u001b[1m\u001b[94m--> \u001b[0mcrates/rag-store/src/sqlite.rs:806:22\n    \u001b[1m\u001b[94m|\u001b[0m\n\u001b[1m\u001b[94m806\u001b[0m \u001b[1m\u001b[94m|\u001b[0m                 Some(bytes) => Ok(HybridLogicalClock::from_bytes(&bytes)\n    \u001b[1m\u001b[94m|\u001b[0m                      \u001b[1m\u001b[91m^^^^^\u001b[0m \u001b[1m\u001b[91mdoesn't have a size known at compile-time\u001b[0m\n    \u001b[1m\u001b[94m|\u001b[0m\n    \u001b[1m\u001b[94m= \u001b[0m\u001b[1mhelp\u001b[0m: the trait `Sized` is not implemented for `[u8]`\n    \u001b[1m\u001b[94m= \u001b[0m\u001b[1mnote\u001b[0m: all local variables must have a statically known size\n\n"}
{"$message_type":"diagnostic","message":"the size for values of type `[u8]` cannot be known at compilation time","code":{"code":"E0277","explanation":"You tried to use a type which doesn't implement some trait in a place which\nexpected that trait.\n\nErroneous code example:\n\n```compile_fail,E0277\n// here we declare the Foo trait with a bar method\ntrait Foo {\n    fn bar(&self);\n}\n\n// we now declare a function which takes an object implementing the Foo trait\nfn some_func<T: Foo>(foo: T) {\n    foo.bar();\n}\n\nfn main() {\n    // we now call the method with the i32 type, which doesn't implement\n    // the Foo trait\n    some_func(5i32); // error: the trait bound `i32 : Foo` is not satisfied\n}\n```\n\nIn order to fix this error, verify that the type you're using does implement\nthe trait. Example:\n\n```\ntrait Foo {\n    fn bar(&self);\n}\n\n// we implement the trait on the i32 type\nimpl Foo for i32 {\n    fn bar(&self) {}\n}\n\nfn some_func<T: Foo>(foo: T) {\n    foo.bar(); // we can now use this method since i32 implements the\n               // Foo trait\n}\n\nfn main() {\n    some_func(5i32); // ok!\n}\n```\n\nOr in a generic context, an erroneous code example would look like:\n\n```compile_fail,E0277\nfn some_func<T>(foo: T) {\n    println!(\"{:?}\", foo); // error: the trait `core::fmt::Debug` is not\n                           //        implemented for the type `T`\n}\n\nfn main() {\n    // We now call the method with the i32 type,\n    // which *does* implement the Debug trait.\n    some_func(5i32);\n}\n```\n\nNote that the error here is in the definition of the generic function. Although\nwe only call it with a parameter that does implement `Debug`, the compiler\nstill rejects the function. It must work with all possible input types. In\norder to make this example compile, we need to restrict the generic type we're\naccepting:\n\n```\nuse std::fmt;\n\n// Restrict the input type to types that implement Debug.\nfn some_func<T: fmt::Debug>(foo: T) {\n    println!(\"{:?}\", foo);\n}\n\nfn main() {\n    // Calling the method is still fine, as i32 implements Debug.\n    some_func(5i32);\n\n    // This would fail to compile now:\n    // struct WithoutDebug;\n    // some_func(WithoutDebug);\n}\n```\n\nRust only looks at the signature of the called function, as such it must\nalready specify all requirements that will be used for every type parameter.\n"},"level":"error","spans":[{"file_name":"crates/rag-store/src/sqlite.rs","byte_start":28567,"byte_end":28578,"line_start":806,"line_end":806,"column_start":17,"column_end":28,"is_primary":true,"text":[{"text":"                Some(bytes) => Ok(HybridLogicalClock::from_bytes(&bytes)","highlight_start":17,"highlight_end":28}],"label":"doesn't have a size known at compile-time","suggested_replacement":null,"suggestion_applicability":null,"expansion":null}],"children":[{"message":"the trait `Sized` is not implemented for `[u8]`","code":null,"level":"help","spans":[],"children":[],"rendered":null},{"message":"required by a bound in `Some`","code":null,"level":"note","spans":[{"file_name":"/rustc/ded5c06cf21d2b93bffd5d884aa6e96934ee4234/library/core/src/option.rs","byte_start":24322,"byte_end":24326,"line_start":607,"line_end":607,"column_start":5,"column_end":9,"is_primary":true,"text":[],"label":null,"suggested_replacement":null,"suggestion_applicability":null,"expansion":null}],"children":[],"rendered":null}],"rendered":"\u001b[1m\u001b[91merror[E0277]\u001b[0m\u001b[1m: the size for values of type `[u8]` cannot be known at compilation time\u001b[0m\n   \u001b[1m\u001b[94m--> \u001b[0mcrates/rag-store/src/sqlite.rs:806:17\n    \u001b[1m\u001b[94m|\u001b[0m\n\u001b[1m\u001b[94m806\u001b[0m \u001b[1m\u001b[94m|\u001b[0m                 Some(bytes) => Ok(HybridLogicalClock::from_bytes(&bytes)\n    \u001b[1m\u001b[94m|\u001b[0m                 \u001b[1m\u001b[91m^^^^^^^^^^^\u001b[0m \u001b[1m\u001b[91mdoesn't have a size known at compile-time\u001b[0m\n    \u001b[1m\u001b[94m|\u001b[0m\n    \u001b[1m\u001b[94m= \u001b[0m\u001b[1mhelp\u001b[0m: the trait `Sized` is not implemented for `[u8]`\n\u001b[1m\u001b[92mnote\u001b[0m: required by a bound in `Some`\n   \u001b[1m\u001b[94m--> \u001b[0m/rustc/ded5c06cf21d2b93bffd5d884aa6e96934ee4234/library/core/src/option.rs:607:5\n\n"}
{"$message_type":"diagnostic","message":"failed to resolve: use of unresolved module or unlinked crate `serde_json`","code":{"code":"E0433","explanation":"An undeclared crate, module, or type was used.\n\nErroneous code example:\n\n```compile_fail,E0433\nlet map = HashMap::new();\n// error: failed to resolve: use of undeclared type `HashMap`\n```\n\nPlease verify you didn't misspell the type/module's name or that you didn't\nforget to import it:\n\n```\nuse std::collections::HashMap; // HashMap has been imported.\nlet map: HashMap<u32, u32> = HashMap::new(); // So it can be used!\n```\n\nIf you've expected to use a crate name:\n\n```compile_fail\nuse ferris_wheel::BigO;\n// error: failed to resolve: use of undeclared module or unlinked crate\n```\n\nMake sure the crate has been added as a dependency in `Cargo.toml`.\n\nTo use a module from your current crate, add the `crate::` prefix to the path.\n"},"level":"error","spans":[{"file_name":"crates/rag-store/src/sqlite.rs","byte_start":30013,"byte_end":30023,"line_start":843,"line_end":843,"column_start":23,"column_end":33,"is_primary":true,"text":[{"text":"            metadata: serde_json::from_str(&metadata_str).unwrap_or_default(),","highlight_start":23,"highlight_end":33}],"label":"use of unresolved module or unlinked crate `serde_json`","suggested_replacement":null,"suggestion_applicability":null,"expansion":null}],"children":[{"message":"if you wanted to use a crate named `serde_json`, use `cargo add serde_json` to add it to your `Cargo.toml`","code":null,"level":"help","spans":[],"children":[],"rendered":null}],"rendered":"\u001b[1m\u001b[91merror[E0433]\u001b[0m\u001b[1m: failed to resolve: use of unresolved module or unlinked crate `serde_json`\u001b[0m\n   \u001b[1m\u001b[94m--> \u001b[0mcrates/rag-store/src/sqlite.rs:843:23\n    \u001b[1m\u001b[94m|\u001b[0m\n\u001b[1m\u001b[94m843\u001b[0m \u001b[1m\u001b[94m|\u001b[0m             metadata: serde_json::from_str(&metadata_str).unwrap_or_default(),\n    \u001b[1m\u001b[94m|\u001b[0m                       \u001b[1m\u001b[91m^^^^^^^^^^\u001b[0m \u001b[1m\u001b[91muse of unresolved module or unlinked crate `serde_json`\u001b[0m\n    \u001b[1m\u001b[94m|\u001b[0m\n    \u001b[1m\u001b[94m= \u001b[0m\u001b[1mhelp\u001b[0m: if you wanted to use a crate named `serde_json`, use `cargo add serde_json` to add it to your `Cargo.toml`\n\n"}
{"$message_type":"diagnostic","message":"`stmt` does not live long enough","code":{"code":"E0597","explanation":"This error occurs because a value was dropped while it was still borrowed.\n\nErroneous code example:\n\n```compile_fail,E0597\nstruct Foo<'a> {\n    x: Option<&'a u32>,\n}\n\nlet mut x = Foo { x: None };\n{\n    let y = 0;\n    x.x = Some(&y); // error: `y` does not live long enough\n}\nprintln!(\"{:?}\", x.x);\n```\n\nHere, `y` is dropped at the end of the inner scope, but it is borrowed by\n`x` until the `println`. To fix the previous example, just remove the scope\nso that `y` isn't dropped until after the println\n\n```\nstruct Foo<'a> {\n    x: Option<&'a u32>,\n}\n\nlet mut x = Foo { x: None };\n\nlet y = 0;\nx.x = Some(&y);\n\nprintln!(\"{:?}\", x.x);\n```\n"},"level":"error","spans":[{"file_name":"crates/rag-store/src/sqlite.rs","byte_start":20617,"byte_end":20621,"line_start":597,"line_end":597,"column_start":17,"column_end":21,"is_primary":true,"text":[{"text":"                stmt.query_map(params![embedding_bytes, coll, k], |row| {","highlight_start":17,"highlight_end":21}],"label":"borrowed value does not live long enough","suggested_replacement":null,"suggestion_applicability":null,"expansion":null},{"file_name":"crates/rag-store/src/sqlite.rs","byte_start":21232,"byte_end":21233,"line_start":609,"line_end":609,"column_start":13,"column_end":14,"is_primary":false,"text":[{"text":"            } else {","highlight_start":13,"highlight_end":14}],"label":"`stmt` dropped here while still borrowed","suggested_replacement":null,"suggestion_applicability":null,"expansion":null},{"file_name":"crates/rag-store/src/sqlite.rs","byte_start":20017,"byte_end":20025,"line_start":582,"line_end":582,"column_start":21,"column_end":29,"is_primary":false,"text":[{"text":"                let mut stmt = conn","highlight_start":21,"highlight_end":29}],"label":"binding `stmt` declared here","suggested_replacement":null,"suggestion_applicability":null,"expansion":null},{"file_name":"crates/rag-store/src/sqlite.rs","byte_start":20617,"byte_end":21093,"line_start":597,"line_end":606,"column_start":17,"column_end":65,"is_primary":false,"text":[{"text":"                stmt.query_map(params![embedding_bytes, coll, k], |row| {","highlight_start":17,"highlight_end":74},{"text":"                    let id_str: String = row.get(0)?;","highlight_start":1,"highlight_end":54},{"text":"                    let distance: f64 = row.get(1)?;","highlight_start":1,"highlight_end":53},{"text":"                    let similarity = 1.0 - distance as f32;","highlight_start":1,"highlight_end":60},{"text":"                    Ok((","highlight_start":1,"highlight_end":25},{"text":"                        Ulid::from_string(&id_str).unwrap_or_else(|_| Ulid::nil()),","highlight_start":1,"highlight_end":84},{"text":"                        similarity,","highlight_start":1,"highlight_end":36},{"text":"                    ))","highlight_start":1,"highlight_end":23},{"text":"                })","highlight_start":1,"highlight_end":19},{"text":"                .map_err(|e| RagError::database(e.to_string()))?","highlight_start":1,"highlight_end":65}],"label":"a temporary with access to the borrow is created here ...","suggested_replacement":null,"suggestion_applicability":null,"expansion":{"span":{"file_name":"crates/rag-store/src/sqlite.rs","byte_start":20617,"byte_end":21093,"line_start":597,"line_end":606,"column_start":17,"column_end":65,"is_primary":false,"text":[{"text":"                stmt.query_map(params![embedding_bytes, coll, k], |row| {","highlight_start":17,"highlight_end":74},{"text":"                    let id_str: String = row.get(0)?;","highlight_start":1,"highlight_end":54},{"text":"                    let distance: f64 = row.get(1)?;","highlight_start":1,"highlight_end":53},{"text":"                    let similarity = 1.0 - distance as f32;","highlight_start":1,"highlight_end":60},{"text":"                    Ok((","highlight_start":1,"highlight_end":25},{"text":"                        Ulid::from_string(&id_str).unwrap_or_else(|_| Ulid::nil()),","highlight_start":1,"highlight_end":84},{"text":"                        similarity,","highlight_start":1,"highlight_end":36},{"text":"                    ))","highlight_start":1,"highlight_end":23},{"text":"                })","highlight_start":1,"highlight_end":19},{"text":"                .map_err(|e| RagError::database(e.to_string()))?","highlight_start":1,"highlight_end":65}],"label":null,"suggested_replacement":null,"suggestion_applicability":null,"expansion":null},"macro_decl_name":"desugaring of operator `?`","def_site_span":{"file_name":"crates/rag-store/src/lib.rs","byte_start":0,"byte_end":0,"line_start":1,"line_end":1,"column_start":1,"column_end":1,"is_primary":false,"text":[],"label":null,"suggested_replacement":null,"suggestion_applicability":null,"expansion":null}}},{"file_name":"crates/rag-store/src/sqlite.rs","byte_start":21232,"byte_end":21233,"line_start":609,"line_end":609,"column_start":13,"column_end":14,"is_primary":false,"text":[{"text":"            } else {","highlight_start":13,"highlight_end":14}],"label":"... and the borrow might be used here, when that temporary is dropped and runs the destructor for type `ControlFlow<Result<Infallible, RagError>, MappedRows<'_, {closure@crates/rag-store/src/sqlite.rs:597:67: 597:72}>>`","suggested_replacement":null,"suggestion_applicability":null,"expansion":null}],"children":[{"message":"the temporary is part of an expression at the end of a block;\nconsider forcing this temporary to be dropped sooner, before the block's local variables are dropped","code":null,"level":"note","spans":[],"children":[],"rendered":null},{"message":"for example, you could save the expression's value in a new local variable `x` and then make `x` be the expression at the end of the block","code":null,"level":"help","spans":[{"file_name":"crates/rag-store/src/sqlite.rs","byte_start":20617,"byte_end":20617,"line_start":597,"line_end":597,"column_start":17,"column_end":17,"is_primary":true,"text":[{"text":"                stmt.query_map(params![embedding_bytes, coll, k], |row| {","highlight_start":17,"highlight_end":17}],"label":null,"suggested_replacement":"let x = ","suggestion_applicability":"MaybeIncorrect","expansion":null},{"file_name":"crates/rag-store/src/sqlite.rs","byte_start":21219,"byte_end":21219,"line_start":608,"line_end":608,"column_start":65,"column_end":65,"is_primary":true,"text":[{"text":"                .map_err(|e| RagError::database(e.to_string()))?","highlight_start":65,"highlight_end":65}],"label":null,"suggested_replacement":"; x","suggestion_applicability":"MaybeIncorrect","expansion":null}],"children":[],"rendered":null}],"rendered":"\u001b[1m\u001b[91merror[E0597]\u001b[0m\u001b[1m: `stmt` does not live long enough\u001b[0m\n   \u001b[1m\u001b[94m--> \u001b[0mcrates/rag-store/src/sqlite.rs:597:17\n    \u001b[1m\u001b[94m|\u001b[0m\n\u001b[1m\u001b[94m582\u001b[0m \u001b[1m\u001b[94m|\u001b[0m                   let mut stmt = conn\n    \u001b[1m\u001b[94m|\u001b[0m                       \u001b[1m\u001b[94m--------\u001b[0m \u001b[1m\u001b[94mbinding `stmt` declared here\u001b[0m\n\u001b[1m\u001b[94m...\u001b[0m\n\u001b[1m\u001b[94m597\u001b[0m \u001b[1m\u001b[94m|\u001b[0m                   stmt.query_map(params![embedding_bytes, coll, k], |row| {\n    \u001b[1m\u001b[94m|\u001b[0m                   \u001b[1m\u001b[94m-\u001b[0m\u001b[1m\u001b[91m^^^\u001b[0m\n    \u001b[1m\u001b[94m|\u001b[0m                   \u001b[1m\u001b[94m|\u001b[0m\n    \u001b[1m\u001b[94m|\u001b[0m \u001b[1m\u001b[94m _________________\u001b[0m\u001b[1m\u001b[91mborrowed value does not live long enough\u001b[0m\n    \u001b[1m\u001b[94m|\u001b[0m \u001b[1m\u001b[94m|\u001b[0m\n\u001b[1m\u001b[94m598\u001b[0m \u001b[1m\u001b[94m|\u001b[0m \u001b[1m\u001b[94m|\u001b[0m                     let id_str: String = row.get(0)?;\n\u001b[1m\u001b[94m599\u001b[0m \u001b[1m\u001b[94m|\u001b[0m \u001b[1m\u001b[94m|\u001b[0m                     let distance: f64 = row.get(1)?;\n\u001b[1m\u001b[94m600\u001b[0m \u001b[1m\u001b[94m|\u001b[0m \u001b[1m\u001b[94m|\u001b[0m                     let similarity = 1.0 - distance as f32;\n\u001b[1m\u001b[94m...\u001b[0m   \u001b[1m\u001b[94m|\u001b[0m\n\u001b[1m\u001b[94m605\u001b[0m \u001b[1m\u001b[94m|\u001b[0m \u001b[1m\u001b[94m|\u001b[0m                 })\n\u001b[1m\u001b[94m606\u001b[0m \u001b[1m\u001b[94m|\u001b[0m \u001b[1m\u001b[94m|\u001b[0m                 .map_err(|e| RagError::database(e.to_string()))?\n    \u001b[1m\u001b[94m|\u001b[0m \u001b[1m\u001b[94m|________________________________________________________________-\u001b[0m \u001b[1m\u001b[94ma temporary with access to the borrow is created here ...\u001b[0m\n\u001b[1m\u001b[94m...\u001b[0m\n\u001b[1m\u001b[94m609\u001b[0m \u001b[1m\u001b[94m|\u001b[0m               } else {\n    \u001b[1m\u001b[94m|\u001b[0m               \u001b[1m\u001b[94m-\u001b[0m\n    \u001b[1m\u001b[94m|\u001b[0m               \u001b[1m\u001b[94m|\u001b[0m\n    \u001b[1m\u001b[94m|\u001b[0m               \u001b[1m\u001b[94m`stmt` dropped here while still borrowed\u001b[0m\n    \u001b[1m\u001b[94m|\u001b[0m               \u001b[1m\u001b[94m... and the borrow might be used here, when that temporary is dropped and runs the destructor for type `ControlFlow<Result<Infallible, RagError>, MappedRows<'_, {closure@crates/rag-store/src/sqlite.rs:597:67: 597:72}>>`\u001b[0m\n    \u001b[1m\u001b[94m|\u001b[0m\n    \u001b[1m\u001b[94m= \u001b[0m\u001b[1mnote\u001b[0m: the temporary is part of an expression at the end of a block;\n            consider forcing this temporary to be dropped sooner, before the block's local variables are dropped\n\u001b[1m\u001b[96mhelp\u001b[0m: for example, you could save the expression's value in a new local variable `x` and then make `x` be the expression at the end of the block\n    \u001b[1m\u001b[94m|\u001b[0m\n\u001b[1m\u001b[94m597\u001b[0m \u001b[92m~ \u001b[0m                \u001b[92mlet x = \u001b[0mstmt.query_map(params![embedding_bytes, coll, k], |row| {\n\u001b[1m\u001b[94m598\u001b[0m \u001b[1m\u001b[94m|\u001b[0m                     let id_str: String = row.get(0)?;\n\u001b[1m\u001b[94m...\u001b[0m\n\u001b[1m\u001b[94m607\u001b[0m \u001b[1m\u001b[94m|\u001b[0m                 .collect::<std::result::Result<Vec<_>, _>>()\n\u001b[1m\u001b[94m608\u001b[0m \u001b[92m~ \u001b[0m                .map_err(|e| RagError::database(e.to_string()))?\u001b[92m; x\u001b[0m\n    \u001b[1m\u001b[94m|\u001b[0m\n\n"}
{"$message_type":"diagnostic","message":"`stmt` does not live long enough","code":{"code":"E0597","explanation":"This error occurs because a value was dropped while it was still borrowed.\n\nErroneous code example:\n\n```compile_fail,E0597\nstruct Foo<'a> {\n    x: Option<&'a u32>,\n}\n\nlet mut x = Foo { x: None };\n{\n    let y = 0;\n    x.x = Some(&y); // error: `y` does not live long enough\n}\nprintln!(\"{:?}\", x.x);\n```\n\nHere, `y` is dropped at the end of the inner scope, but it is borrowed by\n`x` until the `println`. To fix the previous example, just remove the scope\nso that `y` isn't dropped until after the println\n\n```\nstruct Foo<'a> {\n    x: Option<&'a u32>,\n}\n\nlet mut x = Foo { x: None };\n\nlet y = 0;\nx.x = Some(&y);\n\nprintln!(\"{:?}\", x.x);\n```\n"},"level":"error","spans":[{"file_name":"crates/rag-store/src/sqlite.rs","byte_start":21686,"byte_end":21690,"line_start":622,"line_end":622,"column_start":17,"column_end":21,"is_primary":true,"text":[{"text":"                stmt.query_map(params![embedding_bytes, k], |row| {","highlight_start":17,"highlight_end":21}],"label":"borrowed value does not live long enough","suggested_replacement":null,"suggestion_applicability":null,"expansion":null},{"file_name":"crates/rag-store/src/sqlite.rs","byte_start":22295,"byte_end":22296,"line_start":634,"line_end":634,"column_start":13,"column_end":14,"is_primary":false,"text":[{"text":"            };","highlight_start":13,"highlight_end":14}],"label":"`stmt` dropped here while still borrowed","suggested_replacement":null,"suggestion_applicability":null,"expansion":null},{"file_name":"crates/rag-store/src/sqlite.rs","byte_start":21261,"byte_end":21269,"line_start":610,"line_end":610,"column_start":21,"column_end":29,"is_primary":false,"text":[{"text":"                let mut stmt = conn","highlight_start":21,"highlight_end":29}],"label":"binding `stmt` declared here","suggested_replacement":null,"suggestion_applicability":null,"expansion":null},{"file_name":"crates/rag-store/src/sqlite.rs","byte_start":21686,"byte_end":22156,"line_start":622,"line_end":631,"column_start":17,"column_end":65,"is_primary":false,"text":[{"text":"                stmt.query_map(params![embedding_bytes, k], |row| {","highlight_start":17,"highlight_end":68},{"text":"                    let id_str: String = row.get(0)?;","highlight_start":1,"highlight_end":54},{"text":"                    let distance: f64 = row.get(1)?;","highlight_start":1,"highlight_end":53},{"text":"                    let similarity = 1.0 - distance as f32;","highlight_start":1,"highlight_end":60},{"text":"                    Ok((","highlight_start":1,"highlight_end":25},{"text":"                        Ulid::from_string(&id_str).unwrap_or_else(|_| Ulid::nil()),","highlight_start":1,"highlight_end":84},{"text":"                        similarity,","highlight_start":1,"highlight_end":36},{"text":"                    ))","highlight_start":1,"highlight_end":23},{"text":"                })","highlight_start":1,"highlight_end":19},{"text":"                .map_err(|e| RagError::database(e.to_string()))?","highlight_start":1,"highlight_end":65}],"label":"a temporary with access to the borrow is created here ...","suggested_replacement":null,"suggestion_applicability":null,"expansion":{"span":{"file_name":"crates/rag-store/src/sqlite.rs","byte_start":21686,"byte_end":22156,"line_start":622,"line_end":631,"column_start":17,"column_end":65,"is_primary":false,"text":[{"text":"                stmt.query_map(params![embedding_bytes, k], |row| {","highlight_start":17,"highlight_end":68},{"text":"                    let id_str: String = row.get(0)?;","highlight_start":1,"highlight_end":54},{"text":"                    let distance: f64 = row.get(1)?;","highlight_start":1,"highlight_end":53},{"text":"                    let similarity = 1.0 - distance as f32;","highlight_start":1,"highlight_end":60},{"text":"                    Ok((","highlight_start":1,"highlight_end":25},{"text":"                        Ulid::from_string(&id_str).unwrap_or_else(|_| Ulid::nil()),","highlight_start":1,"highlight_end":84},{"text":"                        similarity,","highlight_start":1,"highlight_end":36},{"text":"                    ))","highlight_start":1,"highlight_end":23},{"text":"                })","highlight_start":1,"highlight_end":19},{"text":"                .map_err(|e| RagError::database(e.to_string()))?","highlight_start":1,"highlight_end":65}],"label":null,"suggested_replacement":null,"suggestion_applicability":null,"expansion":null},"macro_decl_name":"desugaring of operator `?`","def_site_span":{"file_name":"crates/rag-store/src/lib.rs","byte_start":0,"byte_end":0,"line_start":1,"line_end":1,"column_start":1,"column_end":1,"is_primary":false,"text":[],"label":null,"suggested_replacement":null,"suggestion_applicability":null,"expansion":null}}},{"file_name":"crates/rag-store/src/sqlite.rs","byte_start":22295,"byte_end":22296,"line_start":634,"line_end":634,"column_start":13,"column_end":14,"is_primary":false,"text":[{"text":"            };","highlight_start":13,"highlight_end":14}],"label":"... and the borrow might be used here, when that temporary is dropped and runs the destructor for type `ControlFlow<Result<Infallible, RagError>, MappedRows<'_, {closure@crates/rag-store/src/sqlite.rs:622:61: 622:66}>>`","suggested_replacement":null,"suggestion_applicability":null,"expansion":null}],"children":[{"message":"the temporary is part of an expression at the end of a block;\nconsider forcing this temporary to be dropped sooner, before the block's local variables are dropped","code":null,"level":"note","spans":[],"children":[],"rendered":null},{"message":"for example, you could save the expression's value in a new local variable `x` and then make `x` be the expression at the end of the block","code":null,"level":"help","spans":[{"file_name":"crates/rag-store/src/sqlite.rs","byte_start":21686,"byte_end":21686,"line_start":622,"line_end":622,"column_start":17,"column_end":17,"is_primary":true,"text":[{"text":"                stmt.query_map(params![embedding_bytes, k], |row| {","highlight_start":17,"highlight_end":17}],"label":null,"suggested_replacement":"let x = ","suggestion_applicability":"MaybeIncorrect","expansion":null},{"file_name":"crates/rag-store/src/sqlite.rs","byte_start":22282,"byte_end":22282,"line_start":633,"line_end":633,"column_start":65,"column_end":65,"is_primary":true,"text":[{"text":"                .map_err(|e| RagError::database(e.to_string()))?","highlight_start":65,"highlight_end":65}],"label":null,"suggested_replacement":"; x","suggestion_applicability":"MaybeIncorrect","expansion":null}],"children":[],"rendered":null}],"rendered":"\u001b[1m\u001b[91merror[E0597]\u001b[0m\u001b[1m: `stmt` does not live long enough\u001b[0m\n   \u001b[1m\u001b[94m--> \u001b[0mcrates/rag-store/src/sqlite.rs:622:17\n    \u001b[1m\u001b[94m|\u001b[0m\n\u001b[1m\u001b[94m610\u001b[0m \u001b[1m\u001b[94m|\u001b[0m                   let mut stmt = conn\n    \u001b[1m\u001b[94m|\u001b[0m                       \u001b[1m\u001b[94m--------\u001b[0m \u001b[1m\u001b[94mbinding `stmt` declared here\u001b[0m\n\u001b[1m\u001b[94m...\u001b[0m\n\u001b[1m\u001b[94m622\u001b[0m \u001b[1m\u001b[94m|\u001b[0m                   stmt.query_map(params![embedding_bytes, k], |row| {\n    \u001b[1m\u001b[94m|\u001b[0m                   \u001b[1m\u001b[94m-\u001b[0m\u001b[1m\u001b[91m^^^\u001b[0m\n    \u001b[1m\u001b[94m|\u001b[0m                   \u001b[1m\u001b[94m|\u001b[0m\n    \u001b[1m\u001b[94m|\u001b[0m \u001b[1m\u001b[94m _________________\u001b[0m\u001b[1m\u001b[91mborrowed value does not live long enough\u001b[0m\n    \u001b[1m\u001b[94m|\u001b[0m \u001b[1m\u001b[94m|\u001b[0m\n\u001b[1m\u001b[94m623\u001b[0m \u001b[1m\u001b[94m|\u001b[0m \u001b[1m\u001b[94m|\u001b[0m                     let id_str: String = row.get(0)?;\n\u001b[1m\u001b[94m624\u001b[0m \u001b[1m\u001b[94m|\u001b[0m \u001b[1m\u001b[94m|\u001b[0m                     let distance: f64 = row.get(1)?;\n\u001b[1m\u001b[94m625\u001b[0m \u001b[1m\u001b[94m|\u001b[0m \u001b[1m\u001b[94m|\u001b[0m                     let similarity = 1.0 - distance as f32;\n\u001b[1m\u001b[94m...\u001b[0m   \u001b[1m\u001b[94m|\u001b[0m\n\u001b[1m\u001b[94m630\u001b[0m \u001b[1m\u001b[94m|\u001b[0m \u001b[1m\u001b[94m|\u001b[0m                 })\n\u001b[1m\u001b[94m631\u001b[0m \u001b[1m\u001b[94m|\u001b[0m \u001b[1m\u001b[94m|\u001b[0m                 .map_err(|e| RagError::database(e.to_string()))?\n    \u001b[1m\u001b[94m|\u001b[0m \u001b[1m\u001b[94m|________________________________________________________________-\u001b[0m \u001b[1m\u001b[94ma temporary with access to the borrow is created here ...\u001b[0m\n\u001b[1m\u001b[94m...\u001b[0m\n\u001b[1m\u001b[94m634\u001b[0m \u001b[1m\u001b[94m|\u001b[0m               };\n    \u001b[1m\u001b[94m|\u001b[0m               \u001b[1m\u001b[94m-\u001b[0m\n    \u001b[1m\u001b[94m|\u001b[0m               \u001b[1m\u001b[94m|\u001b[0m\n    \u001b[1m\u001b[94m|\u001b[0m               \u001b[1m\u001b[94m`stmt` dropped here while still borrowed\u001b[0m\n    \u001b[1m\u001b[94m|\u001b[0m               \u001b[1m\u001b[94m... and the borrow might be used here, when that temporary is dropped and runs the destructor for type `ControlFlow<Result<Infallible, RagError>, MappedRows<'_, {closure@crates/rag-store/src/sqlite.rs:622:61: 622:66}>>`\u001b[0m\n    \u001b[1m\u001b[94m|\u001b[0m\n    \u001b[1m\u001b[94m= \u001b[0m\u001b[1mnote\u001b[0m: the temporary is part of an expression at the end of a block;\n            consider forcing this temporary to be dropped sooner, before the block's local variables are dropped\n\u001b[1m\u001b[96mhelp\u001b[0m: for example, you could save the expression's value in a new local variable `x` and then make `x` be the expression at the end of the block\n    \u001b[1m\u001b[94m|\u001b[0m\n\u001b[1m\u001b[94m622\u001b[0m \u001b[92m~ \u001b[0m                \u001b[92mlet x = \u001b[0mstmt.query_map(params![embedding_bytes, k], |row| {\n\u001b[1m\u001b[94m623\u001b[0m \u001b[1m\u001b[94m|\u001b[0m                     let id_str: String = row.get(0)?;\n\u001b[1m\u001b[94m...\u001b[0m\n\u001b[1m\u001b[94m632\u001b[0m \u001b[1m\u001b[94m|\u001b[0m                 .collect::<std::result::Result<Vec<_>, _>>()\n\u001b[1m\u001b[94m633\u001b[0m \u001b[92m~ \u001b[0m                .map_err(|e| RagError::database(e.to_string()))?\u001b[92m; x\u001b[0m\n    \u001b[1m\u001b[94m|\u001b[0m\n\n"}
{"$message_type":"diagnostic","message":"`stmt` does not live long enough","code":{"code":"E0597","explanation":"This error occurs because a value was dropped while it was still borrowed.\n\nErroneous code example:\n\n```compile_fail,E0597\nstruct Foo<'a> {\n    x: Option<&'a u32>,\n}\n\nlet mut x = Foo { x: None };\n{\n    let y = 0;\n    x.x = Some(&y); // error: `y` does not live long enough\n}\nprintln!(\"{:?}\", x.x);\n```\n\nHere, `y` is dropped at the end of the inner scope, but it is borrowed by\n`x` until the `println`. To fix the previous example, just remove the scope\nso that `y` isn't dropped until after the println\n\n```\nstruct Foo<'a> {\n    x: Option<&'a u32>,\n}\n\nlet mut x = Foo { x: None };\n\nlet y = 0;\nx.x = Some(&y);\n\nprintln!(\"{:?}\", x.x);\n```\n"},"level":"error","spans":[{"file_name":"crates/rag-store/src/sqlite.rs","byte_start":23370,"byte_end":23374,"line_start":667,"line_end":667,"column_start":17,"column_end":21,"is_primary":true,"text":[{"text":"                stmt.query_map(params![escaped_query, coll, k], |row| {","highlight_start":17,"highlight_end":21}],"label":"borrowed value does not live long enough","suggested_replacement":null,"suggestion_applicability":null,"expansion":null},{"file_name":"crates/rag-store/src/sqlite.rs","byte_start":23974,"byte_end":23975,"line_start":679,"line_end":679,"column_start":13,"column_end":14,"is_primary":false,"text":[{"text":"            } else {","highlight_start":13,"highlight_end":14}],"label":"`stmt` dropped here while still borrowed","suggested_replacement":null,"suggestion_applicability":null,"expansion":null},{"file_name":"crates/rag-store/src/sqlite.rs","byte_start":22767,"byte_end":22775,"line_start":652,"line_end":652,"column_start":21,"column_end":29,"is_primary":false,"text":[{"text":"                let mut stmt = conn","highlight_start":21,"highlight_end":29}],"label":"binding `stmt` declared here","suggested_replacement":null,"suggestion_applicability":null,"expansion":null},{"file_name":"crates/rag-store/src/sqlite.rs","byte_start":23370,"byte_end":23835,"line_start":667,"line_end":676,"column_start":17,"column_end":65,"is_primary":false,"text":[{"text":"                stmt.query_map(params![escaped_query, coll, k], |row| {","highlight_start":17,"highlight_end":72},{"text":"                    let id_str: String = row.get(0)?;","highlight_start":1,"highlight_end":54},{"text":"                    let score: f64 = row.get(1)?;","highlight_start":1,"highlight_end":50},{"text":"                    let similarity = (-score) as f32;","highlight_start":1,"highlight_end":54},{"text":"                    Ok((","highlight_start":1,"highlight_end":25},{"text":"                        Ulid::from_string(&id_str).unwrap_or_else(|_| Ulid::nil()),","highlight_start":1,"highlight_end":84},{"text":"                        similarity,","highlight_start":1,"highlight_end":36},{"text":"                    ))","highlight_start":1,"highlight_end":23},{"text":"                })","highlight_start":1,"highlight_end":19},{"text":"                .map_err(|e| RagError::database(e.to_string()))?","highlight_start":1,"highlight_end":65}],"label":"a temporary with access to the borrow is created here ...","suggested_replacement":null,"suggestion_applicability":null,"expansion":{"span":{"file_name":"crates/rag-store/src/sqlite.rs","byte_start":23370,"byte_end":23835,"line_start":667,"line_end":676,"column_start":17,"column_end":65,"is_primary":false,"text":[{"text":"                stmt.query_map(params![escaped_query, coll, k], |row| {","highlight_start":17,"highlight_end":72},{"text":"                    let id_str: String = row.get(0)?;","highlight_start":1,"highlight_end":54},{"text":"                    let score: f64 = row.get(1)?;","highlight_start":1,"highlight_end":50},{"text":"                    let similarity = (-score) as f32;","highlight_start":1,"highlight_end":54},{"text":"                    Ok((","highlight_start":1,"highlight_end":25},{"text":"                        Ulid::from_string(&id_str).unwrap_or_else(|_| Ulid::nil()),","highlight_start":1,"highlight_end":84},{"text":"                        similarity,","highlight_start":1,"highlight_end":36},{"text":"                    ))","highlight_start":1,"highlight_end":23},{"text":"                })","highlight_start":1,"highlight_end":19},{"text":"                .map_err(|e| RagError::database(e.to_string()))?","highlight_start":1,"highlight_end":65}],"label":null,"suggested_replacement":null,"suggestion_applicability":null,"expansion":null},"macro_decl_name":"desugaring of operator `?`","def_site_span":{"file_name":"crates/rag-store/src/lib.rs","byte_start":0,"byte_end":0,"line_start":1,"line_end":1,"column_start":1,"column_end":1,"is_primary":false,"text":[],"label":null,"suggested_replacement":null,"suggestion_applicability":null,"expansion":null}}},{"file_name":"crates/rag-store/src/sqlite.rs","byte_start":23974,"byte_end":23975,"line_start":679,"line_end":679,"column_start":13,"column_end":14,"is_primary":false,"text":[{"text":"            } else {","highlight_start":13,"highlight_end":14}],"label":"... and the borrow might be used here, when that temporary is dropped and runs the destructor for type `ControlFlow<Result<Infallible, RagError>, MappedRows<'_, {closure@crates/rag-store/src/sqlite.rs:667:65: 667:70}>>`","suggested_replacement":null,"suggestion_applicability":null,"expansion":null}],"children":[{"message":"the temporary is part of an expression at the end of a block;\nconsider forcing this temporary to be dropped sooner, before the block's local variables are dropped","code":null,"level":"note","spans":[],"children":[],"rendered":null},{"message":"for example, you could save the expression's value in a new local variable `x` and then make `x` be the expression at the end of the block","code":null,"level":"help","spans":[{"file_name":"crates/rag-store/src/sqlite.rs","byte_start":23370,"byte_end":23370,"line_start":667,"line_end":667,"column_start":17,"column_end":17,"is_primary":true,"text":[{"text":"                stmt.query_map(params![escaped_query, coll, k], |row| {","highlight_start":17,"highlight_end":17}],"label":null,"suggested_replacement":"let x = ","suggestion_applicability":"MaybeIncorrect","expansion":null},{"file_name":"crates/rag-store/src/sqlite.rs","byte_start":23961,"byte_end":23961,"line_start":678,"line_end":678,"column_start":65,"column_end":65,"is_primary":true,"text":[{"text":"                .map_err(|e| RagError::database(e.to_string()))?","highlight_start":65,"highlight_end":65}],"label":null,"suggested_replacement":"; x","suggestion_applicability":"MaybeIncorrect","expansion":null}],"children":[],"rendered":null}],"rendered":"\u001b[1m\u001b[91merror[E0597]\u001b[0m\u001b[1m: `stmt` does not live long enough\u001b[0m\n   \u001b[1m\u001b[94m--> \u001b[0mcrates/rag-store/src/sqlite.rs:667:17\n    \u001b[1m\u001b[94m|\u001b[0m\n\u001b[1m\u001b[94m652\u001b[0m \u001b[1m\u001b[94m|\u001b[0m                   let mut stmt = conn\n    \u001b[1m\u001b[94m|\u001b[0m                       \u001b[1m\u001b[94m--------\u001b[0m \u001b[1m\u001b[94mbinding `stmt` declared here\u001b[0m\n\u001b[1m\u001b[94m...\u001b[0m\n\u001b[1m\u001b[94m667\u001b[0m \u001b[1m\u001b[94m|\u001b[0m                   stmt.query_map(params![escaped_query, coll, k], |row| {\n    \u001b[1m\u001b[94m|\u001b[0m                   \u001b[1m\u001b[94m-\u001b[0m\u001b[1m\u001b[91m^^^\u001b[0m\n    \u001b[1m\u001b[94m|\u001b[0m                   \u001b[1m\u001b[94m|\u001b[0m\n    \u001b[1m\u001b[94m|\u001b[0m \u001b[1m\u001b[94m _________________\u001b[0m\u001b[1m\u001b[91mborrowed value does not live long enough\u001b[0m\n    \u001b[1m\u001b[94m|\u001b[0m \u001b[1m\u001b[94m|\u001b[0m\n\u001b[1m\u001b[94m668\u001b[0m \u001b[1m\u001b[94m|\u001b[0m \u001b[1m\u001b[94m|\u001b[0m                     let id_str: String = row.get(0)?;\n\u001b[1m\u001b[94m669\u001b[0m \u001b[1m\u001b[94m|\u001b[0m \u001b[1m\u001b[94m|\u001b[0m                     let score: f64 = row.get(1)?;\n\u001b[1m\u001b[94m670\u001b[0m \u001b[1m\u001b[94m|\u001b[0m \u001b[1m\u001b[94m|\u001b[0m                     let similarity = (-score) as f32;\n\u001b[1m\u001b[94m...\u001b[0m   \u001b[1m\u001b[94m|\u001b[0m\n\u001b[1m\u001b[94m675\u001b[0m \u001b[1m\u001b[94m|\u001b[0m \u001b[1m\u001b[94m|\u001b[0m                 })\n\u001b[1m\u001b[94m676\u001b[0m \u001b[1m\u001b[94m|\u001b[0m \u001b[1m\u001b[94m|\u001b[0m                 .map_err(|e| RagError::database(e.to_string()))?\n    \u001b[1m\u001b[94m|\u001b[0m \u001b[1m\u001b[94m|________________________________________________________________-\u001b[0m \u001b[1m\u001b[94ma temporary with access to the borrow is created here ...\u001b[0m\n\u001b[1m\u001b[94m...\u001b[0m\n\u001b[1m\u001b[94m679\u001b[0m \u001b[1m\u001b[94m|\u001b[0m               } else {\n    \u001b[1m\u001b[94m|\u001b[0m               \u001b[1m\u001b[94m-\u001b[0m\n    \u001b[1m\u001b[94m|\u001b[0m               \u001b[1m\u001b[94m|\u001b[0m\n    \u001b[1m\u001b[94m|\u001b[0m               \u001b[1m\u001b[94m`stmt` dropped here while still borrowed\u001b[0m\n    \u001b[1m\u001b[94m|\u001b[0m               \u001b[1m\u001b[94m... and the borrow might be used here, when that temporary is dropped and runs the destructor for type `ControlFlow<Result<Infallible, RagError>, MappedRows<'_, {closure@crates/rag-store/src/sqlite.rs:667:65: 667:70}>>`\u001b[0m\n    \u001b[1m\u001b[94m|\u001b[0m\n    \u001b[1m\u001b[94m= \u001b[0m\u001b[1mnote\u001b[0m: the temporary is part of an expression at the end of a block;\n            consider forcing this temporary to be dropped sooner, before the block's local variables are dropped\n\u001b[1m\u001b[96mhelp\u001b[0m: for example, you could save the expression's value in a new local variable `x` and then make `x` be the expression at the end of the block\n    \u001b[1m\u001b[94m|\u001b[0m\n\u001b[1m\u001b[94m667\u001b[0m \u001b[92m~ \u001b[0m                \u001b[92mlet x = \u001b[0mstmt.query_map(params![escaped_query, coll, k], |row| {\n\u001b[1m\u001b[94m668\u001b[0m \u001b[1m\u001b[94m|\u001b[0m                     let id_str: String = row.get(0)?;\n\u001b[1m\u001b[94m...\u001b[0m\n\u001b[1m\u001b[94m677\u001b[0m \u001b[1m\u001b[94m|\u001b[0m                 .collect::<std::result::Result<Vec<_>, _>>()\n\u001b[1m\u001b[94m678\u001b[0m \u001b[92m~ \u001b[0m                .map_err(|e| RagError::database(e.to_string()))?\u001b[92m; x\u001b[0m\n    \u001b[1m\u001b[94m|\u001b[0m\n\n"}
{"$message_type":"diagnostic","message":"`stmt` does not live long enough","code":{"code":"E0597","explanation":"This error occurs because a value was dropped while it was still borrowed.\n\nErroneous code example:\n\n```compile_fail,E0597\nstruct Foo<'a> {\n    x: Option<&'a u32>,\n}\n\nlet mut x = Foo { x: None };\n{\n    let y = 0;\n    x.x = Some(&y); // error: `y` does not live long enough\n}\nprintln!(\"{:?}\", x.x);\n```\n\nHere, `y` is dropped at the end of the inner scope, but it is borrowed by\n`x` until the `println`. To fix the previous example, just remove the scope\nso that `y` isn't dropped until after the println\n\n```\nstruct Foo<'a> {\n    x: Option<&'a u32>,\n}\n\nlet mut x = Foo { x: None };\n\nlet y = 0;\nx.x = Some(&y);\n\nprintln!(\"{:?}\", x.x);\n```\n"},"level":"error","spans":[{"file_name":"crates/rag-store/src/sqlite.rs","byte_start":24500,"byte_end":24504,"line_start":693,"line_end":693,"column_start":17,"column_end":21,"is_primary":true,"text":[{"text":"                stmt.query_map(params![escaped_query, k], |row| {","highlight_start":17,"highlight_end":21}],"label":"borrowed value does not live long enough","suggested_replacement":null,"suggestion_applicability":null,"expansion":null},{"file_name":"crates/rag-store/src/sqlite.rs","byte_start":25098,"byte_end":25099,"line_start":705,"line_end":705,"column_start":13,"column_end":14,"is_primary":false,"text":[{"text":"            };","highlight_start":13,"highlight_end":14}],"label":"`stmt` dropped here while still borrowed","suggested_replacement":null,"suggestion_applicability":null,"expansion":null},{"file_name":"crates/rag-store/src/sqlite.rs","byte_start":24003,"byte_end":24011,"line_start":680,"line_end":680,"column_start":21,"column_end":29,"is_primary":false,"text":[{"text":"                let mut stmt = conn","highlight_start":21,"highlight_end":29}],"label":"binding `stmt` declared here","suggested_replacement":null,"suggestion_applicability":null,"expansion":null},{"file_name":"crates/rag-store/src/sqlite.rs","byte_start":24500,"byte_end":24959,"line_start":693,"line_end":702,"column_start":17,"column_end":65,"is_primary":false,"text":[{"text":"                stmt.query_map(params![escaped_query, k], |row| {","highlight_start":17,"highlight_end":66},{"text":"                    let id_str: String = row.get(0)?;","highlight_start":1,"highlight_end":54},{"text":"                    let score: f64 = row.get(1)?;","highlight_start":1,"highlight_end":50},{"text":"                    let similarity = (-score) as f32;","highlight_start":1,"highlight_end":54},{"text":"                    Ok((","highlight_start":1,"highlight_end":25},{"text":"                        Ulid::from_string(&id_str).unwrap_or_else(|_| Ulid::nil()),","highlight_start":1,"highlight_end":84},{"text":"                        similarity,","highlight_start":1,"highlight_end":36},{"text":"                    ))","highlight_start":1,"highlight_end":23},{"text":"                })","highlight_start":1,"highlight_end":19},{"text":"                .map_err(|e| RagError::database(e.to_string()))?","highlight_start":1,"highlight_end":65}],"label":"a temporary with access to the borrow is created here ...","suggested_replacement":null,"suggestion_applicability":null,"expansion":{"span":{"file_name":"crates/rag-store/src/sqlite.rs","byte_start":24500,"byte_end":24959,"line_start":693,"line_end":702,"column_start":17,"column_end":65,"is_primary":false,"text":[{"text":"                stmt.query_map(params![escaped_query, k], |row| {","highlight_start":17,"highlight_end":66},{"text":"                    let id_str: String = row.get(0)?;","highlight_start":1,"highlight_end":54},{"text":"                    let score: f64 = row.get(1)?;","highlight_start":1,"highlight_end":50},{"text":"                    let similarity = (-score) as f32;","highlight_start":1,"highlight_end":54},{"text":"                    Ok((","highlight_start":1,"highlight_end":25},{"text":"                        Ulid::from_string(&id_str).unwrap_or_else(|_| Ulid::nil()),","highlight_start":1,"highlight_end":84},{"text":"                        similarity,","highlight_start":1,"highlight_end":36},{"text":"                    ))","highlight_start":1,"highlight_end":23},{"text":"                })","highlight_start":1,"highlight_end":19},{"text":"                .map_err(|e| RagError::database(e.to_string()))?","highlight_start":1,"highlight_end":65}],"label":null,"suggested_replacement":null,"suggestion_applicability":null,"expansion":null},"macro_decl_name":"desugaring of operator `?`","def_site_span":{"file_name":"crates/rag-store/src/lib.rs","byte_start":0,"byte_end":0,"line_start":1,"line_end":1,"column_start":1,"column_end":1,"is_primary":false,"text":[],"label":null,"suggested_replacement":null,"suggestion_applicability":null,"expansion":null}}},{"file_name":"crates/rag-store/src/sqlite.rs","byte_start":25098,"byte_end":25099,"line_start":705,"line_end":705,"column_start":13,"column_end":14,"is_primary":false,"text":[{"text":"            };","highlight_start":13,"highlight_end":14}],"label":"... and the borrow might be used here, when that temporary is dropped and runs the destructor for type `ControlFlow<Result<Infallible, RagError>, MappedRows<'_, {closure@crates/rag-store/src/sqlite.rs:693:59: 693:64}>>`","suggested_replacement":null,"suggestion_applicability":null,"expansion":null}],"children":[{"message":"the temporary is part of an expression at the end of a block;\nconsider forcing this temporary to be dropped sooner, before the block's local variables are dropped","code":null,"level":"note","spans":[],"children":[],"rendered":null},{"message":"for example, you could save the expression's value in a new local variable `x` and then make `x` be the expression at the end of the block","code":null,"level":"help","spans":[{"file_name":"crates/rag-store/src/sqlite.rs","byte_start":24500,"byte_end":24500,"line_start":693,"line_end":693,"column_start":17,"column_end":17,"is_primary":true,"text":[{"text":"                stmt.query_map(params![escaped_query, k], |row| {","highlight_start":17,"highlight_end":17}],"label":null,"suggested_replacement":"let x = ","suggestion_applicability":"MaybeIncorrect","expansion":null},{"file_name":"crates/rag-store/src/sqlite.rs","byte_start":25085,"byte_end":25085,"line_start":704,"line_end":704,"column_start":65,"column_end":65,"is_primary":true,"text":[{"text":"                .map_err(|e| RagError::database(e.to_string()))?","highlight_start":65,"highlight_end":65}],"label":null,"suggested_replacement":"; x","suggestion_applicability":"MaybeIncorrect","expansion":null}],"children":[],"rendered":null}],"rendered":"\u001b[1m\u001b[91merror[E0597]\u001b[0m\u001b[1m: `stmt` does not live long enough\u001b[0m\n   \u001b[1m\u001b[94m--> \u001b[0mcrates/rag-store/src/sqlite.rs:693:17\n    \u001b[1m\u001b[94m|\u001b[0m\n\u001b[1m\u001b[94m680\u001b[0m \u001b[1m\u001b[94m|\u001b[0m                   let mut stmt = conn\n    \u001b[1m\u001b[94m|\u001b[0m                       \u001b[1m\u001b[94m--------\u001b[0m \u001b[1m\u001b[94mbinding `stmt` declared here\u001b[0m\n\u001b[1m\u001b[94m...\u001b[0m\n\u001b[1m\u001b[94m693\u001b[0m \u001b[1m\u001b[94m|\u001b[0m                   stmt.query_map(params![escaped_query, k], |row| {\n    \u001b[1m\u001b[94m|\u001b[0m                   \u001b[1m\u001b[94m-\u001b[0m\u001b[1m\u001b[91m^^^\u001b[0m\n    \u001b[1m\u001b[94m|\u001b[0m                   \u001b[1m\u001b[94m|\u001b[0m\n    \u001b[1m\u001b[94m|\u001b[0m \u001b[1m\u001b[94m _________________\u001b[0m\u001b[1m\u001b[91mborrowed value does not live long enough\u001b[0m\n    \u001b[1m\u001b[94m|\u001b[0m \u001b[1m\u001b[94m|\u001b[0m\n\u001b[1m\u001b[94m694\u001b[0m \u001b[1m\u001b[94m|\u001b[0m \u001b[1m\u001b[94m|\u001b[0m                     let id_str: String = row.get(0)?;\n\u001b[1m\u001b[94m695\u001b[0m \u001b[1m\u001b[94m|\u001b[0m \u001b[1m\u001b[94m|\u001b[0m                     let score: f64 = row.get(1)?;\n\u001b[1m\u001b[94m696\u001b[0m \u001b[1m\u001b[94m|\u001b[0m \u001b[1m\u001b[94m|\u001b[0m                     let similarity = (-score) as f32;\n\u001b[1m\u001b[94m...\u001b[0m   \u001b[1m\u001b[94m|\u001b[0m\n\u001b[1m\u001b[94m701\u001b[0m \u001b[1m\u001b[94m|\u001b[0m \u001b[1m\u001b[94m|\u001b[0m                 })\n\u001b[1m\u001b[94m702\u001b[0m \u001b[1m\u001b[94m|\u001b[0m \u001b[1m\u001b[94m|\u001b[0m                 .map_err(|e| RagError::database(e.to_string()))?\n    \u001b[1m\u001b[94m|\u001b[0m \u001b[1m\u001b[94m|________________________________________________________________-\u001b[0m \u001b[1m\u001b[94ma temporary with access to the borrow is created here ...\u001b[0m\n\u001b[1m\u001b[94m...\u001b[0m\n\u001b[1m\u001b[94m705\u001b[0m \u001b[1m\u001b[94m|\u001b[0m               };\n    \u001b[1m\u001b[94m|\u001b[0m               \u001b[1m\u001b[94m-\u001b[0m\n    \u001b[1m\u001b[94m|\u001b[0m               \u001b[1m\u001b[94m|\u001b[0m\n    \u001b[1m\u001b[94m|\u001b[0m               \u001b[1m\u001b[94m`stmt` dropped here while still borrowed\u001b[0m\n    \u001b[1m\u001b[94m|\u001b[0m               \u001b[1m\u001b[94m... and the borrow might be used here, when that temporary is dropped and runs the destructor for type `ControlFlow<Result<Infallible, RagError>, MappedRows<'_, {closure@crates/rag-store/src/sqlite.rs:693:59: 693:64}>>`\u001b[0m\n    \u001b[1m\u001b[94m|\u001b[0m\n    \u001b[1m\u001b[94m= \u001b[0m\u001b[1mnote\u001b[0m: the temporary is part of an expression at the end of a block;\n            consider forcing this temporary to be dropped sooner, before the block's local variables are dropped\n\u001b[1m\u001b[96mhelp\u001b[0m: for example, you could save the expression's value in a new local variable `x` and then make `x` be the expression at the end of the block\n    \u001b[1m\u001b[94m|\u001b[0m\n\u001b[1m\u001b[94m693\u001b[0m \u001b[92m~ \u001b[0m                \u001b[92mlet x = \u001b[0mstmt.query_map(params![escaped_query, k], |row| {\n\u001b[1m\u001b[94m694\u001b[0m \u001b[1m\u001b[94m|\u001b[0m                     let id_str: String = row.get(0)?;\n\u001b[1m\u001b[94m...\u001b[0m\n\u001b[1m\u001b[94m703\u001b[0m \u001b[1m\u001b[94m|\u001b[0m                 .collect::<std::result::Result<Vec<_>, _>>()\n\u001b[1m\u001b[94m704\u001b[0m \u001b[92m~ \u001b[0m                .map_err(|e| RagError::database(e.to_string()))?\u001b[92m; x\u001b[0m\n    \u001b[1m\u001b[94m|\u001b[0m\n\n"}
{"$message_type":"diagnostic","message":"aborting due to 22 previous errors; 1 warning emitted","code":null,"level":"error","spans":[],"children":[],"rendered":"\u001b[1m\u001b[91merror\u001b[0m\u001b[1m: aborting due to 22 previous errors; 1 warning emitted\u001b[0m\n\n"}
{"$message_type":"diagnostic","message":"Some errors have detailed explanations: E0277, E0282, E0433, E0597, E0599.","code":null,"level":"failure-note","spans":[],"children":[],"rendered":"\u001b[1mSome errors have detailed explanations: E0277, E0282, E0433, E0597, E0599.\u001b[0m\n"}
{"$message_type":"diagnostic","message":"For more information about an error, try `rustc --explain E0277`.","code":null,"level":"failure-note","spans":[],"children":[],"rendered":"\u001b[1mFor more information about an error, try `rustc --explain E0277`.\u001b[0m\n"}
